#
# There is insufficient memory for the Java Runtime Environment to continue.
# Native memory allocation (mmap) failed to map 268435456 bytes for G1 virtual space
# Possible reasons:
#   The system is out of physical RAM or swap space
#   The process is running with CompressedOops enabled, and the Java Heap may be blocking the growth of the native heap
# Possible solutions:
#   Reduce memory load on the system
#   Increase physical memory or swap space
#   Check if swap backing store is full
#   Decrease Java heap size (-Xmx/-Xms)
#   Decrease number of Java threads
#   Decrease Java thread stack sizes (-Xss)
#   Set larger code cache with -XX:ReservedCodeCacheSize=
#   JVM is running with Zero Based Compressed Oops mode in which the Java heap is
#     placed in the first 32GB address space. The Java Heap base address is the
#     maximum limit for the native heap growth. Please use -XX:HeapBaseMinAddress
#     to set the Java Heap base and to place the Java Heap above 32GB virtual address.
# This output file may be truncated or incomplete.
#
#  Out of Memory Error (os_windows.cpp:3530), pid=12552, tid=20920
#
# JRE version:  (18.0+36) (build )
# Java VM: Java HotSpot(TM) 64-Bit Server VM (18+36-2087, mixed mode, sharing, tiered, compressed oops, compressed class ptrs, g1 gc, windows-amd64)
# No core dump will be written. Minidumps are not enabled by default on client versions of Windows
#

---------------  S U M M A R Y ------------

Command Line: -Djava.vendor=Sun Microsystems Inc. -ea -Dfile.encoding=UTF-8 -XX:+ShowCodeDetailsInExceptionMessages org.testng.remote.RemoteTestNG -serport 60200 -protocol json -d C:\Users\vamsiraji\eclipse-workspace1\salesfrocepomproject\test-output C:\Users\VAMSIR~1\AppData\Local\Temp\testng-eclipse-1320681690\testng-customsuite.xml

Host: Intel(R) Core(TM) i7-7500U CPU @ 2.70GHz, 4 cores, 15G,  Windows 10 , 64 bit Build 19041 (10.0.19041.1706)
Time: Tue May 17 20:56:38 2022 Eastern Daylight Time elapsed time: 0.183656 seconds (0d 0h 0m 0s)

---------------  T H R E A D  ---------------

Current thread (0x000001eeb15ad210):  JavaThread "Unknown thread" [_thread_in_vm, id=20920, stack(0x000000cfdb600000,0x000000cfdb700000)]

Stack: [0x000000cfdb600000,0x000000cfdb700000]
Native frames: (J=compiled Java code, j=interpreted, Vv=VM code, C=native code)
V  [jvm.dll+0x69804a]
V  [jvm.dll+0x7f308d]
V  [jvm.dll+0x7f499e]
V  [jvm.dll+0x7f5053]
V  [jvm.dll+0x25ca3f]
V  [jvm.dll+0x694f99]
V  [jvm.dll+0x689aca]
V  [jvm.dll+0x321efb]
V  [jvm.dll+0x3298d6]
V  [jvm.dll+0x37e47e]
V  [jvm.dll+0x37e6af]
V  [jvm.dll+0x2f9c7a]
V  [jvm.dll+0x2facdd]
V  [jvm.dll+0x7c1cc0]
V  [jvm.dll+0x38b801]
V  [jvm.dll+0x7a09d3]
V  [jvm.dll+0x40d6bf]
V  [jvm.dll+0x40f091]
C  [jli.dll+0x526b]
C  [ucrtbase.dll+0x21bb2]
C  [KERNEL32.DLL+0x17034]
C  [ntdll.dll+0x52651]


---------------  P R O C E S S  ---------------

Threads class SMR info:
_java_thread_list=0x00007ffe4b6de550, length=0, elements={
}

Java Threads: ( => current thread )

Other Threads:
  0x000001eeb161ca80 WorkerThread "GC Thread#0" [stack: 0x000000cfdb700000,0x000000cfdb800000] [id=5552]
  0x000001eeb162e800 ConcurrentGCThread "G1 Main Marker" [stack: 0x000000cfdb800000,0x000000cfdb900000] [id=40208]
  0x000001eeb162f990 WorkerThread "G1 Conc#0" [stack: 0x000000cfdb900000,0x000000cfdba00000] [id=38068]

[error occurred during error reporting (printing all threads), id 0xc0000005, EXCEPTION_ACCESS_VIOLATION (0xc0000005) at pc=0x00007ffe4af0a217]

VM state: not at safepoint (not fully initialized)

VM Mutex/Monitor currently owned by a thread:  ([mutex/lock_event])
[0x000001eeb15a88c0] Heap_lock - owner thread: 0x000001eeb15ad210

Heap address: 0x0000000701c00000, size: 4068 MB, Compressed Oops mode: Zero based, Oop shift amount: 3

CDS archive(s) mapped at: [0x0000000000000000-0x0000000000000000-0x0000000000000000), size 0, SharedBaseAddress: 0x0000000800000000, ArchiveRelocationMode: 0.
Narrow klass base: 0x0000000000000000, Narrow klass shift: 0, Narrow klass range: 0x0

GC Precious Log:
 CardTable entry size: 512
 Card Set container configuration: InlinePtr #cards 4 size 8 Array Of Cards #cards 16 size 48 Howl #buckets 8 coarsen threshold 3686 Howl Bitmap #cards 512 size 80 coarsen threshold 460 Card regions per heap region 1 cards per card region 4096

Heap:
 garbage-first heap   total 0K, used 0K [0x0000000701c00000, 0x0000000800000000)
  region size 2048K, 0 young (0K), 0 survivors (0K)

[error occurred during error reporting (printing heap information), id 0xc0000005, EXCEPTION_ACCESS_VIOLATION (0xc0000005) at pc=0x00007ffe4b2f0489]

GC Heap History (0 events):
No events

Deoptimization events (0 events):
No events

Classes loaded (0 events):
No events

Classes unloaded (0 events):
No events

Classes redefined (0 events):
No events

Internal exceptions (0 events):
No events

VM Operations (0 events):
No events

Events (1 events):
Event: 0.030 Loaded shared library C:\Program Files\Java\jdk-18\bin\java.dll


Dynamic libraries:
0x00007ff601fc0000 - 0x00007ff601fd0000 	C:\Program Files\Java\jdk-18\bin\javaw.exe
0x00007ffe9d530000 - 0x00007ffe9d725000 	C:\WINDOWS\SYSTEM32\ntdll.dll
0x00007ffe9b710000 - 0x00007ffe9b7cd000 	C:\WINDOWS\System32\KERNEL32.DLL
0x00007ffe9aec0000 - 0x00007ffe9b18d000 	C:\WINDOWS\System32\KERNELBASE.dll
0x00007ffe9adc0000 - 0x00007ffe9aec0000 	C:\WINDOWS\System32\ucrtbase.dll
0x00007ffe93dc0000 - 0x00007ffe93dd8000 	C:\Program Files\Java\jdk-18\bin\jli.dll
0x00007ffe9c090000 - 0x00007ffe9c13e000 	C:\WINDOWS\System32\ADVAPI32.dll
0x00007ffe9c3e0000 - 0x00007ffe9c47e000 	C:\WINDOWS\System32\msvcrt.dll
0x00007ffe9c560000 - 0x00007ffe9c5fc000 	C:\WINDOWS\System32\sechost.dll
0x00007ffe9c140000 - 0x00007ffe9c265000 	C:\WINDOWS\System32\RPCRT4.dll
0x00007ffe9bef0000 - 0x00007ffe9c090000 	C:\WINDOWS\System32\USER32.dll
0x00007ffe9acf0000 - 0x00007ffe9ad12000 	C:\WINDOWS\System32\win32u.dll
0x00007ffe9c600000 - 0x00007ffe9c62a000 	C:\WINDOWS\System32\GDI32.dll
0x00007ffe9b370000 - 0x00007ffe9b47b000 	C:\WINDOWS\System32\gdi32full.dll
0x00007ffe9ad20000 - 0x00007ffe9adbd000 	C:\WINDOWS\System32\msvcp_win.dll
0x00007ffe93ea0000 - 0x00007ffe93eba000 	C:\Program Files\Java\jdk-18\bin\VCRUNTIME140.dll
0x00007ffe88630000 - 0x00007ffe888ca000 	C:\WINDOWS\WinSxS\amd64_microsoft.windows.common-controls_6595b64144ccf1df_6.0.19041.1110_none_60b5254171f9507e\COMCTL32.dll
0x00007ffe8fcb0000 - 0x00007ffe8fcba000 	C:\WINDOWS\SYSTEM32\VERSION.dll
0x00007ffe9c630000 - 0x00007ffe9c660000 	C:\WINDOWS\System32\IMM32.DLL
0x00007ffe95010000 - 0x00007ffe9501c000 	C:\Program Files\Java\jdk-18\bin\vcruntime140_1.dll
0x00007ffe83c90000 - 0x00007ffe83d1d000 	C:\Program Files\Java\jdk-18\bin\msvcp140.dll
0x00007ffe4ac00000 - 0x00007ffe4b811000 	C:\Program Files\Java\jdk-18\bin\server\jvm.dll
0x00007ffe9be00000 - 0x00007ffe9be08000 	C:\WINDOWS\System32\PSAPI.DLL
0x00007ffe8f8c0000 - 0x00007ffe8f8c9000 	C:\WINDOWS\SYSTEM32\WSOCK32.dll
0x00007ffe9c710000 - 0x00007ffe9c77b000 	C:\WINDOWS\System32\WS2_32.dll
0x00007ffe8b830000 - 0x00007ffe8b857000 	C:\WINDOWS\SYSTEM32\WINMM.dll
0x00007ffe998b0000 - 0x00007ffe998c2000 	C:\WINDOWS\SYSTEM32\kernel.appcore.dll
0x00007ffe908b0000 - 0x00007ffe908ba000 	C:\Program Files\Java\jdk-18\bin\jimage.dll
0x00007ffe99550000 - 0x00007ffe99734000 	C:\WINDOWS\SYSTEM32\DBGHELP.DLL
0x00007ffe91ce0000 - 0x00007ffe91d0c000 	C:\WINDOWS\SYSTEM32\dbgcore.DLL
0x00007ffe9b4f0000 - 0x00007ffe9b572000 	C:\WINDOWS\System32\bcryptPrimitives.dll
0x00007ffe8f120000 - 0x00007ffe8f145000 	C:\Program Files\Java\jdk-18\bin\java.dll

dbghelp: loaded successfully - version: 4.0.5 - missing functions: none
symbol engine: initialized successfully - sym options: 0x614 - pdb path: .;C:\Program Files\Java\jdk-18\bin;C:\WINDOWS\SYSTEM32;C:\WINDOWS\WinSxS\amd64_microsoft.windows.common-controls_6595b64144ccf1df_6.0.19041.1110_none_60b5254171f9507e;C:\Program Files\Java\jdk-18\bin\server

VM Arguments:
jvm_args: -Djava.vendor=Sun Microsystems Inc. -ea -Dfile.encoding=UTF-8 -XX:+ShowCodeDetailsInExceptionMessages 
java_command: org.testng.remote.RemoteTestNG -serport 60200 -protocol json -d C:\Users\vamsiraji\eclipse-workspace1\salesfrocepomproject\test-output C:\Users\VAMSIR~1\AppData\Local\Temp\testng-eclipse-1320681690\testng-customsuite.xml
java_class_path (initial): C:\Users\vamsiraji\eclipse\java-2022-03\eclipse\configuration\org.eclipse.osgi\431\0\.cp\lib\testng-remote.jar;C:\Users\vamsiraji\eclipse-workspace1\salesfrocepomproject\target\test-classes;C:\Users\vamsiraji\eclipse-workspace1\salesfrocepomproject\target\classes;C:\Users\vamsiraji\.m2\repository\org\seleniumhq\selenium\selenium-server\3.141.59\selenium-server-3.141.59.jar;C:\Users\vamsiraji\.m2\repository\org\seleniumhq\selenium\selenium-java\3.141.59\selenium-java-3.141.59.jar;C:\Users\vamsiraji\.m2\repository\org\seleniumhq\selenium\selenium-api\3.141.59\selenium-api-3.141.59.jar;C:\Users\vamsiraji\.m2\repository\org\seleniumhq\selenium\selenium-chrome-driver\3.141.59\selenium-chrome-driver-3.141.59.jar;C:\Users\vamsiraji\.m2\repository\org\seleniumhq\selenium\selenium-edge-driver\3.141.59\selenium-edge-driver-3.141.59.jar;C:\Users\vamsiraji\.m2\repository\org\seleniumhq\selenium\selenium-firefox-driver\3.141.59\selenium-firefox-driver-3.141.59.jar;C:\Users\vamsiraji\.m2\repository\org\seleniumhq\selenium\selenium-ie-driver\3.141.59\selenium-ie-driver-3.141.59.jar;C:\Users\vamsiraji\.m2\repository\org\seleniumhq\selenium\selenium-opera-driver\3.141.59\selenium-opera-driver-3.141.59.jar;C:\Users\vamsiraji\.m2\repository\org\seleniumhq\selenium\selenium-remote-driver\3.141.59\selenium-remote-driver-3.141.59.jar;C:\Users\vamsiraji\.m2\repository\org\seleniumhq\selenium\selenium-safari-driver\3.141.59\selenium-safari-driver-3.141.59.jar;C:\Users\vamsiraji\.m2\repository\org\seleniumhq\selenium\selenium-support\3.141.59\selenium-support-3.141.59.jar;C:\Users\vamsiraji\.m2\repository\com\beust\jcommander\1.72\jcommander-1.72.jar;C:\Users\vamsiraji\.m2\repository\net\bytebuddy\byte-buddy\1.8.15\byte-buddy-1.8.15.jar;C:\Users\vamsiraji\.m2\repository\org\apache\commons\commons-exec\1.3\commons-exec-1.3.jar;C:\Users\vamsiraji\.m2\repository\com\google\guava\guava\25.0-jre\guava-25.0-jre.jar;C:\Users\vamsiraji\.m2\repository\org\checkerframework\checker-compat-qual\2.0.0\checker-compat-qual-2.0.0.jar;C:\Users\vamsiraji\.m2\repository\com\google\errorprone\error_prone_annotations\2.1.3\error_prone_annotations-2.1.3.jar;C:\Users\vamsiraji\.m2\repository\com\google\j2objc\j2objc-annotations\1.1\j2objc-annotations-1.1.jar;C:\Users\vamsiraji\.m2\repository\org\codehaus\mojo\animal-sniffer-annotations\1.14\animal-sniffer-annotations-1.14.jar;C:\Users\vamsiraji\.m2\repository\net\jcip\jcip-annotations\1.0\jcip-annotations-1.0.jar;C:\Users\vamsiraji\.m2\repository\org\seleniumhq\selenium\jetty-repacked\9.4.12.v20180830\jetty-repacked-9.4.12.v20180830.jar;C:\Users\vamsiraji\.m2\repository\com\squareup\okhttp3\okhttp\3.11.0\okhttp-3.11.0.jar;C:\Users\vamsiraji\.m2\repository\com\squareup\okio\okio\1.14.0\okio-1.14.0.jar;C:\Users\vamsiraji\.m2\repository\javax\servlet\javax.servlet-api\3.1.0\javax.servlet-api-3.1.0.jar;C:\Users\vamsiraji\.m2\repository\org\yaml\snakeyaml\1.19\snakeyaml-1.19.jar;C:\Users\vamsiraji\.m2\repository\io\github\bonigarcia\webdrivermanager\5.0.3\webdrivermanager-5.0.3.jar;C:\Users\vamsiraji\.m2\repository\org\slf4j\slf4j-api\1.7.32\slf4j-api-1.7.32.jar;C:\Users\vamsiraji\.m2\repository\com\google\code\gson\gson\2.8.8\gson-2.8.8.jar;C:\Users\vamsiraji\.m2\repository\org\jsoup\jsoup\1.14.2\jsoup-1.14.2.jar;C:\Users\vamsiraji\.m2\repository\com\github\docker-java\docker-java\3.2.12\docker-java-3.2.12.jar;C:\Users\vamsiraji\.m2\repository\com\github\docker-java\docker-java-core\3.2.12\docker-java-core-3.2.12.jar;C:\Users\vamsiraji\.m2\repository\com\github\docker-java\docker-java-api\3.2.12\docker-java-api-3.2.12.jar;C:\Users\vamsiraji\.m2\repository\com\fasterxml\jackson\core\jackson-annotations\2.10.3\jackson-annotations-2.10.3.jar;C:\Users\vamsiraji\.m2\repository\commons-io\commons-io\2.6\commons-io-2.6.jar;C:\Users\vamsiraji\.m2\repository\org\apache\commons\commons-compress\1.21\commons-compress-1.21.jar;C:\Users\vamsiraji\.m2\repository\commons-lang\commons-lang\2.6\commons-lang-2.6.jar;C:\Users\vamsiraji\.m2\repository\com\fasterxml\jackson\core\jackson-databind\2.10.3\jackson-databind-2.10.3.jar;C:\Users\vamsiraji\.m2\repository\com\fasterxml\jackson\core\jackson-core\2.10.3\jackson-core-2.10.3.jar;C:\Users\vamsiraji\.m2\repository\org\bouncycastle\bcpkix-jdk15on\1.64\bcpkix-jdk15on-1.64.jar;C:\Users\vamsiraji\.m2\repository\org\bouncycastle\bcprov-jdk15on\1.64\bcprov-jdk15on-1.64.jar;C:\Users\vamsiraji\.m2\repository\org\slf4j\jcl-over-slf4j\1.7.30\jcl-over-slf4j-1.7.30.jar;C:\Users\vamsiraji\.m2\repository\com\github\docker-java\docker-java-transport-httpclient5\3.2.12\docker-java-transport-httpclient5-3.2.12.jar;C:\Users\vamsiraji\.m2\repository\com\github\docker-java\docker-java-transport\3.2.12\docker-java-transport-3.2.12.jar;C:\Users\vamsiraji\.m2\repository\org\apache\httpcomponents\client5\httpclient5\5.0.3\httpclient5-5.0.3.jar;C:\Users\vamsiraji\.m2\repository\org\apache\httpcomponents\core5\httpcore5\5.0.2\httpcore5-5.0.2.jar;C:\Users\vamsiraji\.m2\repository\net\java\dev\jna\jna\5.8.0\jna-5.8.0.jar;C:\Users\vamsiraji\.m2\repository\org\brotli\dec\0.1.2\dec-0.1.2.jar;C:\Users\vamsiraji\.m2\repository\org\testng\testng\7.5\testng-7.5.jar;C:\Users\vamsiraji\.m2\repository\com\google\code\findbugs\jsr305\3.0.1\jsr305-3.0.1.jar;C:\Users\vamsiraji\.m2\repository\org\webjars\jquery\3.5.1\jquery-3.5.1.jar;C:\Users\vamsiraji\.m2\repository\com\aventstack\extentreports\3.1.5\extentreports-3.1.5.jar;C:\Users\vamsiraji\.m2\repository\org\freemarker\freemarker\2.3.23\freemarker-2.3.23.jar;C:\Users\vamsiraji\.m2\repository\org\mongodb\mongodb-driver\3.3.0\mongodb-driver-3.3.0.jar;C:\Users\vamsiraji\.m2\repository\org\mongodb\bson\3.3.0\bson-3.3.0.jar;C:\Users\vamsiraji\.m2\repository\org\mongodb\mongodb-driver-core\3.3.0\mongodb-driver-core-3.3.0.jar;C:\Users\vamsiraji\.m2\repository\org\apache\httpcomponents\httpclient\4.5.2\httpclient-4.5.2.jar;C:\Users\vamsiraji\.m2\repository\org\apache\httpcomponents\httpcore\4.4.4\httpcore-4.4.4.jar;C:\Users\vamsiraji\.m2\repository\commons-logging\commons-logging\1.2\commons-logging-1.2.jar;C:\Users\vamsiraji\.m2\repository\commons-codec\commons-codec\1.9\commons-codec-1.9.jar;C:\Users\vamsiraji\.m2\repository\org\apache\httpcomponents\httpmime\4.5.2\httpmime-4.5.2.jar
Launcher Type: SUN_STANDARD

[Global flags]
     intx CICompilerCount                          = 3                                         {product} {ergonomic}
     uint ConcGCThreads                            = 1                                         {product} {ergonomic}
     uint G1ConcRefinementThreads                  = 4                                         {product} {ergonomic}
   size_t G1HeapRegionSize                         = 2097152                                   {product} {ergonomic}
    uintx GCDrainStackTargetSize                   = 64                                        {product} {ergonomic}
   size_t InitialHeapSize                          = 268435456                                 {product} {ergonomic}
   size_t MarkStackSize                            = 4194304                                   {product} {ergonomic}
   size_t MaxHeapSize                              = 4265607168                                {product} {ergonomic}
   size_t MinHeapDeltaBytes                        = 2097152                                   {product} {ergonomic}
   size_t MinHeapSize                              = 8388608                                   {product} {ergonomic}
    uintx NonNMethodCodeHeapSize                   = 5832780                                {pd product} {ergonomic}
    uintx NonProfiledCodeHeapSize                  = 122912730                              {pd product} {ergonomic}
    uintx ProfiledCodeHeapSize                     = 122912730                              {pd product} {ergonomic}
    uintx ReservedCodeCacheSize                    = 251658240                              {pd product} {ergonomic}
     bool SegmentedCodeCache                       = true                                      {product} {ergonomic}
     bool ShowCodeDetailsInExceptionMessages       = true                                   {manageable} {command line}
   size_t SoftMaxHeapSize                          = 4265607168                             {manageable} {ergonomic}
     bool UseCompressedClassPointers               = true                           {product lp64_product} {ergonomic}
     bool UseCompressedOops                        = true                           {product lp64_product} {ergonomic}
     bool UseG1GC                                  = true                                      {product} {ergonomic}
     bool UseLargePagesIndividualAllocation        = false                                  {pd product} {ergonomic}

Logging:
Log output configuration:
 #0: stdout all=warning uptime,level,tags foldmultilines=false
 #1: stderr all=off uptime,level,tags foldmultilines=false

Environment Variables:
JAVA_TOOL_OPTIONS=-Djava.vendor="Sun Microsystems Inc."
PATH=C:\Program Files\Common Files\Oracle\Java\javapath;C:\Users\vamsiraji\Documents\10gdev\jdk\jre\bin\client;C:\Users\vamsiraji\Documents\10gdev\jlib;C:\Users\vamsiraji\Documents\10gdev\bin;C:\Users\vamsiraji\Documents\10gdev\jre\1.4.2\bin\client;C:\Users\vamsiraji\Documents\10gdev\jre\1.4.2\bin;C:\app\vamsiraji\product\11.2.0\client_1\bin;C:\Program Files (x86)\Common Files\Oracle\Java\javapath;C:\ProgramData\Oracle\Java\javapath;C:\Program Files (x86)\Intel\iCLS Client\;C:\Program Files\Intel\iCLS Client\;C:\WINDOWS\system32;C:\WINDOWS;C:\WINDOWS\System32\Wbem;C:\WINDOWS\System32\WindowsPowerShell\v1.0\;C:\Program Files\PuTTY\;C:\Program Files (x86)\Intel\Intel(R) Management Engine Components\DAL;C:\Program Files\Intel\Intel(R) Management Engine Components\DAL;C:\Program Files (x86)\Intel\Intel(R) Management Engine Components\IPT;C:\Program Files\Intel\Intel(R) Management Engine Components\IPT;C:\WINDOWS\System32\OpenSSH\;C:\Program Files\Intel\WiFi\bin\;C:\Program Files\Common Files\Intel\WirelessCommon\;C:\Android;C:\Windows\System32;C:\Program Files\Microsoft SQL Server\150\Tools\Binn\;C:\Program Files\Java\jdk-18\bin;C:\WINDOWS\system32;C:\WINDOWS;C:\WINDOWS\System32\Wbem;C:\WINDOWS\System32\WindowsPowerShell\v1.0\;C:\WINDOWS\System32\OpenSSH\;C:\Program Files\apache-maven-3.8.5\bin;C:\Program Files\MySQL\MySQL Shell 8.0\bin\;C:\Users\vamsiraji\AppData\Local\Programs\Python\Python36-32\Scripts\;C:\Users\vamsiraji\AppData\Local\Programs\Python\Python36-32\;C:\Users\vamsiraji\AppData\Local\Microsoft\WindowsApps;C:\Users\vamsiraji\.dotnet\tools;C:\Users\vamsiraji\AppData\Local\atom\bin;C:\Program Files\JetBrains\PyCharm Community Edition 2021.3.2\bin;;C:\Users\vamsiraji\AppData\Local\Microsoft\WindowsApps
USERNAME=vamsiraji
OS=Windows_NT
PROCESSOR_IDENTIFIER=Intel64 Family 6 Model 142 Stepping 9, GenuineIntel



---------------  S Y S T E M  ---------------

OS:
 Windows 10 , 64 bit Build 19041 (10.0.19041.1706)
OS uptime: 5 days 19:32 hours

CPU: total 4 (initial active 4) (2 cores per cpu, 2 threads per core) family 6 model 142 stepping 9 microcode 0xb4, cx8, cmov, fxsr, ht, mmx, 3dnowpref, sse, sse2, sse3, ssse3, sse4.1, sse4.2, popcnt, lzcnt, tsc, tscinvbit, avx, avx2, aes, erms, clmul, bmi1, bmi2, adx, fma, vzeroupper, clflush, clflushopt

Memory: 4k page, system-wide physical 16268M (5742M free)
TotalPageFile size 20364M (AvailPageFile size 419M)
current process WorkingSet (physical memory assigned to process): 10M, peak: 10M
current process commit charge ("private bytes"): 52M, peak: 308M

vm_info: Java HotSpot(TM) 64-Bit Server VM (18+36-2087) for windows-amd64 JRE (18+36-2087), built on Feb 15 2022 09:43:11 by "mach5one" with MS VC++ 16.8 / 16.9 (VS2019)

END.
