#
# There is insufficient memory for the Java Runtime Environment to continue.
# Native memory allocation (malloc) failed to allocate 573776 bytes for Chunk::new
# Possible reasons:
#   The system is out of physical RAM or swap space
#   The process is running with CompressedOops enabled, and the Java Heap may be blocking the growth of the native heap
# Possible solutions:
#   Reduce memory load on the system
#   Increase physical memory or swap space
#   Check if swap backing store is full
#   Decrease Java heap size (-Xmx/-Xms)
#   Decrease number of Java threads
#   Decrease Java thread stack sizes (-Xss)
#   Set larger code cache with -XX:ReservedCodeCacheSize=
#   JVM is running with Zero Based Compressed Oops mode in which the Java heap is
#     placed in the first 32GB address space. The Java Heap base address is the
#     maximum limit for the native heap growth. Please use -XX:HeapBaseMinAddress
#     to set the Java Heap base and to place the Java Heap above 32GB virtual address.
# This output file may be truncated or incomplete.
#
#  Out of Memory Error (arena.cpp:184), pid=40988, tid=46920
#
# JRE version: Java(TM) SE Runtime Environment (18.0+36) (build 18+36-2087)
# Java VM: Java HotSpot(TM) 64-Bit Server VM (18+36-2087, mixed mode, sharing, tiered, compressed oops, compressed class ptrs, g1 gc, windows-amd64)
# No core dump will be written. Minidumps are not enabled by default on client versions of Windows
#

---------------  S U M M A R Y ------------

Command Line: -Djava.vendor=Sun Microsystems Inc. -ea -Dfile.encoding=UTF-8 -XX:+ShowCodeDetailsInExceptionMessages org.testng.remote.RemoteTestNG -serport 51157 -protocol json -d C:\Users\vamsiraji\eclipse-workspace1\salesfrocepomproject\test-output C:\Users\VAMSIR~1\AppData\Local\Temp\testng-eclipse--1803219171\testng-customsuite.xml

Host: Intel(R) Core(TM) i7-7500U CPU @ 2.70GHz, 4 cores, 15G,  Windows 10 , 64 bit Build 19041 (10.0.19041.1706)
Time: Tue May 17 23:37:31 2022 Eastern Daylight Time elapsed time: 3.936994 seconds (0d 0h 0m 3s)

---------------  T H R E A D  ---------------

Current thread (0x0000027e80168660):  JavaThread "C2 CompilerThread1" daemon [_thread_in_native, id=46920, stack(0x00000082d4900000,0x00000082d4a00000)]


Current CompileTask:
C2:   3937 2297 % !   4       java.util.concurrent.ConcurrentHashMap::transfer @ 96 (849 bytes)

Stack: [0x00000082d4900000,0x00000082d4a00000]
Native frames: (J=compiled Java code, j=interpreted, Vv=VM code, C=native code)
V  [jvm.dll+0x69804a]
V  [jvm.dll+0x7f308d]
V  [jvm.dll+0x7f499e]
V  [jvm.dll+0x7f5053]
V  [jvm.dll+0x25ca3f]
V  [jvm.dll+0xb8c2f]
V  [jvm.dll+0xb8fa5]
V  [jvm.dll+0x385a6b]
V  [jvm.dll+0x34f811]
V  [jvm.dll+0x34ecaa]
V  [jvm.dll+0x22fc21]
V  [jvm.dll+0x22eff1]
V  [jvm.dll+0x1b9cfc]
V  [jvm.dll+0x23e8ca]
V  [jvm.dll+0x23cbac]
V  [jvm.dll+0x7a5781]
V  [jvm.dll+0x79fbba]
V  [jvm.dll+0x696ef5]
C  [ucrtbase.dll+0x21bb2]
C  [KERNEL32.DLL+0x17034]
C  [ntdll.dll+0x52651]


---------------  P R O C E S S  ---------------

Threads class SMR info:
_java_thread_list=0x0000027e803e8960, length=19, elements={
0x0000027ed5ede840, 0x0000027efa2fb240, 0x0000027efa2fc690, 0x0000027efa315170,
0x0000027efa316a30, 0x0000027efa319a90, 0x0000027efa33ea10, 0x0000027efa33f730,
0x0000027efa3410a0, 0x0000027efa355170, 0x0000027efe5c5930, 0x0000027efe5cee80,
0x0000027efeac08d0, 0x0000027e80113c60, 0x0000027e8006b2e0, 0x0000027e8027e1f0,
0x0000027e8006b7a0, 0x0000027efe77a190, 0x0000027e80168660
}

Java Threads: ( => current thread )
  0x0000027ed5ede840 JavaThread "Forwarding newSession on session null to remote" [_thread_in_vm, id=6312, stack(0x00000082d2a00000,0x00000082d2b00000)]
  0x0000027efa2fb240 JavaThread "Reference Handler" daemon [_thread_blocked, id=40020, stack(0x00000082d3100000,0x00000082d3200000)]
  0x0000027efa2fc690 JavaThread "Finalizer" daemon [_thread_blocked, id=40096, stack(0x00000082d3200000,0x00000082d3300000)]
  0x0000027efa315170 JavaThread "Signal Dispatcher" daemon [_thread_blocked, id=30192, stack(0x00000082d3300000,0x00000082d3400000)]
  0x0000027efa316a30 JavaThread "Attach Listener" daemon [_thread_blocked, id=37828, stack(0x00000082d3400000,0x00000082d3500000)]
  0x0000027efa319a90 JavaThread "Service Thread" daemon [_thread_blocked, id=30136, stack(0x00000082d3500000,0x00000082d3600000)]
  0x0000027efa33ea10 JavaThread "Monitor Deflation Thread" daemon [_thread_blocked, id=41092, stack(0x00000082d3600000,0x00000082d3700000)]
  0x0000027efa33f730 JavaThread "C2 CompilerThread0" daemon [_thread_in_native, id=38784, stack(0x00000082d3700000,0x00000082d3800000)]
  0x0000027efa3410a0 JavaThread "C1 CompilerThread0" daemon [_thread_blocked, id=46764, stack(0x00000082d3800000,0x00000082d3900000)]
  0x0000027efa355170 JavaThread "Sweeper thread" daemon [_thread_blocked, id=31620, stack(0x00000082d3900000,0x00000082d3a00000)]
  0x0000027efe5c5930 JavaThread "Notification Thread" daemon [_thread_blocked, id=29200, stack(0x00000082d3a00000,0x00000082d3b00000)]
  0x0000027efe5cee80 JavaThread "Common-Cleaner" daemon [_thread_blocked, id=39864, stack(0x00000082d3c00000,0x00000082d3d00000)]
  0x0000027efeac08d0 JavaThread "ReaderThread" [_thread_in_native, id=27320, stack(0x00000082d3f00000,0x00000082d4000000)]
  0x0000027e80113c60 JavaThread "Exec Default Executor" daemon [_thread_in_native, id=45104, stack(0x00000082d4500000,0x00000082d4600000)]
  0x0000027e8006b2e0 JavaThread "UrlChecker-2" daemon [_thread_blocked, id=42456, stack(0x00000082d4600000,0x00000082d4700000)]
  0x0000027e8027e1f0 JavaThread "Exec Stream Pumper" daemon [_thread_in_native, id=43868, stack(0x00000082d4700000,0x00000082d4800000)]
  0x0000027e8006b7a0 JavaThread "Exec Stream Pumper" daemon [_thread_in_native, id=46672, stack(0x00000082d4800000,0x00000082d4900000)]
  0x0000027efe77a190 JavaThread "Keep-Alive-Timer" daemon [_thread_blocked, id=40892, stack(0x00000082d3d00000,0x00000082d3e00000)]
=>0x0000027e80168660 JavaThread "C2 CompilerThread1" daemon [_thread_in_native, id=46920, stack(0x00000082d4900000,0x00000082d4a00000)]

Other Threads:
  0x0000027ed5f679b0 VMThread "VM Thread" [stack: 0x00000082d3000000,0x00000082d3100000] [id=46568]
  0x0000027efe5c9e10 WatcherThread "VM Periodic Task Thread" [stack: 0x00000082d3b00000,0x00000082d3c00000] [id=42368]
  0x0000027ed5f4dcf0 WorkerThread "GC Thread#0" [stack: 0x00000082d2b00000,0x00000082d2c00000] [id=23544]
  0x0000027efebb3260 WorkerThread "GC Thread#1" [stack: 0x00000082d4000000,0x00000082d4100000] [id=12284]
  0x0000027efea9f7a0 WorkerThread "GC Thread#2" [stack: 0x00000082d4100000,0x00000082d4200000] [id=43124]
  0x0000027efea9fa40 WorkerThread "GC Thread#3" [stack: 0x00000082d4200000,0x00000082d4300000] [id=36568]
  0x0000027ed5f5fa70 ConcurrentGCThread "G1 Main Marker" [stack: 0x00000082d2c00000,0x00000082d2d00000] [id=38872]
  0x0000027ed5f60c00 WorkerThread "G1 Conc#0" [stack: 0x00000082d2d00000,0x00000082d2e00000] [id=46796]
  0x0000027ed5f9e0c0 ConcurrentGCThread "G1 Refine#0" [stack: 0x00000082d2e00000,0x00000082d2f00000] [id=29620]
  0x0000027efeca7490 ConcurrentGCThread "G1 Refine#1" [stack: 0x00000082d4300000,0x00000082d4400000] [id=31468]
  0x0000027e800712e0 ConcurrentGCThread "G1 Refine#2" [stack: 0x00000082d4400000,0x00000082d4500000] [id=42172]
  0x0000027ed5f9e8e0 ConcurrentGCThread "G1 Service" [stack: 0x00000082d2f00000,0x00000082d3000000] [id=46856]

Threads with active compile tasks:
C2 CompilerThread0     4098 2284       4       java.lang.invoke.MethodType::makeImpl (109 bytes)
C2 CompilerThread1     4098 2297 % !   4       java.util.concurrent.ConcurrentHashMap::transfer @ 96 (849 bytes)

VM state: not at safepoint (normal execution)

VM Mutex/Monitor currently owned by a thread: None

Heap address: 0x0000000701c00000, size: 4068 MB, Compressed Oops mode: Zero based, Oop shift amount: 3

CDS archive(s) mapped at: [0x0000000800000000-0x0000000800ba0000-0x0000000800ba0000), size 12189696, SharedBaseAddress: 0x0000000800000000, ArchiveRelocationMode: 0.
Compressed class space mapped at: 0x0000000800c00000-0x0000000840c00000, reserved size: 1073741824
Narrow klass base: 0x0000000800000000, Narrow klass shift: 0, Narrow klass range: 0x100000000

GC Precious Log:
 CardTable entry size: 512
 Card Set container configuration: InlinePtr #cards 4 size 8 Array Of Cards #cards 16 size 48 Howl #buckets 8 coarsen threshold 3686 Howl Bitmap #cards 512 size 80 coarsen threshold 460 Card regions per heap region 1 cards per card region 4096
 CPUs: 4 total, 4 available
 Memory: 16268M
 Large Page Support: Disabled
 NUMA Support: Disabled
 Compressed Oops: Enabled (Zero based)
 Heap Region Size: 2M
 Heap Min Capacity: 8M
 Heap Initial Capacity: 256M
 Heap Max Capacity: 4068M
 Pre-touch: Disabled
 Parallel Workers: 4
 Concurrent Workers: 1
 Concurrent Refinement Workers: 4
 Periodic GC: Disabled

Heap:
 garbage-first heap   total 262144K, used 29523K [0x0000000701c00000, 0x0000000800000000)
  region size 2048K, 13 young (26624K), 2 survivors (4096K)
 Metaspace       used 18637K, committed 18944K, reserved 1114112K
  class space    used 2203K, committed 2368K, reserved 1048576K

Heap Regions: E=young(eden), S=young(survivor), O=old, HS=humongous(starts), HC=humongous(continues), CS=collection set, F=free, OA=open archive, CA=closed archive, TAMS=top-at-mark-start (previous, next)
|   0|0x0000000701c00000, 0x0000000701e00000, 0x0000000701e00000|100%| O|  |TAMS 0x0000000701c00000, 0x0000000701c00000| Untracked 
|   1|0x0000000701e00000, 0x0000000702000000, 0x0000000702000000|100%| O|  |TAMS 0x0000000701e00000, 0x0000000701e00000| Untracked 
|   2|0x0000000702000000, 0x0000000702200000, 0x0000000702200000|100%| O|  |TAMS 0x0000000702000000, 0x0000000702000000| Untracked 
|   3|0x0000000702200000, 0x00000007022d4c08, 0x0000000702400000| 41%| O|  |TAMS 0x0000000702200000, 0x0000000702200000| Untracked 
|   4|0x0000000702400000, 0x0000000702400000, 0x0000000702600000|  0%| F|  |TAMS 0x0000000702400000, 0x0000000702400000| Untracked 
|   5|0x0000000702600000, 0x0000000702600000, 0x0000000702800000|  0%| F|  |TAMS 0x0000000702600000, 0x0000000702600000| Untracked 
|   6|0x0000000702800000, 0x0000000702800000, 0x0000000702a00000|  0%| F|  |TAMS 0x0000000702800000, 0x0000000702800000| Untracked 
|   7|0x0000000702a00000, 0x0000000702a00000, 0x0000000702c00000|  0%| F|  |TAMS 0x0000000702a00000, 0x0000000702a00000| Untracked 
|   8|0x0000000702c00000, 0x0000000702c00000, 0x0000000702e00000|  0%| F|  |TAMS 0x0000000702c00000, 0x0000000702c00000| Untracked 
|   9|0x0000000702e00000, 0x0000000702e00000, 0x0000000703000000|  0%| F|  |TAMS 0x0000000702e00000, 0x0000000702e00000| Untracked 
|  10|0x0000000703000000, 0x0000000703000000, 0x0000000703200000|  0%| F|  |TAMS 0x0000000703000000, 0x0000000703000000| Untracked 
|  11|0x0000000703200000, 0x0000000703200000, 0x0000000703400000|  0%| F|  |TAMS 0x0000000703200000, 0x0000000703200000| Untracked 
|  12|0x0000000703400000, 0x0000000703400000, 0x0000000703600000|  0%| F|  |TAMS 0x0000000703400000, 0x0000000703400000| Untracked 
|  13|0x0000000703600000, 0x0000000703600000, 0x0000000703800000|  0%| F|  |TAMS 0x0000000703600000, 0x0000000703600000| Untracked 
|  14|0x0000000703800000, 0x0000000703800000, 0x0000000703a00000|  0%| F|  |TAMS 0x0000000703800000, 0x0000000703800000| Untracked 
|  15|0x0000000703a00000, 0x0000000703a00000, 0x0000000703c00000|  0%| F|  |TAMS 0x0000000703a00000, 0x0000000703a00000| Untracked 
|  16|0x0000000703c00000, 0x0000000703c00000, 0x0000000703e00000|  0%| F|  |TAMS 0x0000000703c00000, 0x0000000703c00000| Untracked 
|  17|0x0000000703e00000, 0x0000000703e00000, 0x0000000704000000|  0%| F|  |TAMS 0x0000000703e00000, 0x0000000703e00000| Untracked 
|  18|0x0000000704000000, 0x0000000704000000, 0x0000000704200000|  0%| F|  |TAMS 0x0000000704000000, 0x0000000704000000| Untracked 
|  19|0x0000000704200000, 0x0000000704200000, 0x0000000704400000|  0%| F|  |TAMS 0x0000000704200000, 0x0000000704200000| Untracked 
|  20|0x0000000704400000, 0x0000000704400000, 0x0000000704600000|  0%| F|  |TAMS 0x0000000704400000, 0x0000000704400000| Untracked 
|  21|0x0000000704600000, 0x0000000704600000, 0x0000000704800000|  0%| F|  |TAMS 0x0000000704600000, 0x0000000704600000| Untracked 
|  22|0x0000000704800000, 0x0000000704800000, 0x0000000704a00000|  0%| F|  |TAMS 0x0000000704800000, 0x0000000704800000| Untracked 
|  23|0x0000000704a00000, 0x0000000704a00000, 0x0000000704c00000|  0%| F|  |TAMS 0x0000000704a00000, 0x0000000704a00000| Untracked 
|  24|0x0000000704c00000, 0x0000000704c00000, 0x0000000704e00000|  0%| F|  |TAMS 0x0000000704c00000, 0x0000000704c00000| Untracked 
|  25|0x0000000704e00000, 0x0000000704e00000, 0x0000000705000000|  0%| F|  |TAMS 0x0000000704e00000, 0x0000000704e00000| Untracked 
|  26|0x0000000705000000, 0x0000000705000000, 0x0000000705200000|  0%| F|  |TAMS 0x0000000705000000, 0x0000000705000000| Untracked 
|  27|0x0000000705200000, 0x0000000705200000, 0x0000000705400000|  0%| F|  |TAMS 0x0000000705200000, 0x0000000705200000| Untracked 
|  28|0x0000000705400000, 0x0000000705400000, 0x0000000705600000|  0%| F|  |TAMS 0x0000000705400000, 0x0000000705400000| Untracked 
|  29|0x0000000705600000, 0x0000000705600000, 0x0000000705800000|  0%| F|  |TAMS 0x0000000705600000, 0x0000000705600000| Untracked 
|  30|0x0000000705800000, 0x0000000705800000, 0x0000000705a00000|  0%| F|  |TAMS 0x0000000705800000, 0x0000000705800000| Untracked 
|  31|0x0000000705a00000, 0x0000000705a00000, 0x0000000705c00000|  0%| F|  |TAMS 0x0000000705a00000, 0x0000000705a00000| Untracked 
|  32|0x0000000705c00000, 0x0000000705c00000, 0x0000000705e00000|  0%| F|  |TAMS 0x0000000705c00000, 0x0000000705c00000| Untracked 
|  33|0x0000000705e00000, 0x0000000705e00000, 0x0000000706000000|  0%| F|  |TAMS 0x0000000705e00000, 0x0000000705e00000| Untracked 
|  34|0x0000000706000000, 0x0000000706000000, 0x0000000706200000|  0%| F|  |TAMS 0x0000000706000000, 0x0000000706000000| Untracked 
|  35|0x0000000706200000, 0x0000000706200000, 0x0000000706400000|  0%| F|  |TAMS 0x0000000706200000, 0x0000000706200000| Untracked 
|  36|0x0000000706400000, 0x0000000706400000, 0x0000000706600000|  0%| F|  |TAMS 0x0000000706400000, 0x0000000706400000| Untracked 
|  37|0x0000000706600000, 0x0000000706600000, 0x0000000706800000|  0%| F|  |TAMS 0x0000000706600000, 0x0000000706600000| Untracked 
|  38|0x0000000706800000, 0x0000000706800000, 0x0000000706a00000|  0%| F|  |TAMS 0x0000000706800000, 0x0000000706800000| Untracked 
|  39|0x0000000706a00000, 0x0000000706a00000, 0x0000000706c00000|  0%| F|  |TAMS 0x0000000706a00000, 0x0000000706a00000| Untracked 
|  40|0x0000000706c00000, 0x0000000706c00000, 0x0000000706e00000|  0%| F|  |TAMS 0x0000000706c00000, 0x0000000706c00000| Untracked 
|  41|0x0000000706e00000, 0x0000000706e00000, 0x0000000707000000|  0%| F|  |TAMS 0x0000000706e00000, 0x0000000706e00000| Untracked 
|  42|0x0000000707000000, 0x0000000707000000, 0x0000000707200000|  0%| F|  |TAMS 0x0000000707000000, 0x0000000707000000| Untracked 
|  43|0x0000000707200000, 0x0000000707200000, 0x0000000707400000|  0%| F|  |TAMS 0x0000000707200000, 0x0000000707200000| Untracked 
|  44|0x0000000707400000, 0x0000000707400000, 0x0000000707600000|  0%| F|  |TAMS 0x0000000707400000, 0x0000000707400000| Untracked 
|  45|0x0000000707600000, 0x0000000707600000, 0x0000000707800000|  0%| F|  |TAMS 0x0000000707600000, 0x0000000707600000| Untracked 
|  46|0x0000000707800000, 0x0000000707800000, 0x0000000707a00000|  0%| F|  |TAMS 0x0000000707800000, 0x0000000707800000| Untracked 
|  47|0x0000000707a00000, 0x0000000707a00000, 0x0000000707c00000|  0%| F|  |TAMS 0x0000000707a00000, 0x0000000707a00000| Untracked 
|  48|0x0000000707c00000, 0x0000000707c00000, 0x0000000707e00000|  0%| F|  |TAMS 0x0000000707c00000, 0x0000000707c00000| Untracked 
|  49|0x0000000707e00000, 0x0000000707e00000, 0x0000000708000000|  0%| F|  |TAMS 0x0000000707e00000, 0x0000000707e00000| Untracked 
|  50|0x0000000708000000, 0x0000000708000000, 0x0000000708200000|  0%| F|  |TAMS 0x0000000708000000, 0x0000000708000000| Untracked 
|  51|0x0000000708200000, 0x0000000708200000, 0x0000000708400000|  0%| F|  |TAMS 0x0000000708200000, 0x0000000708200000| Untracked 
|  52|0x0000000708400000, 0x0000000708400000, 0x0000000708600000|  0%| F|  |TAMS 0x0000000708400000, 0x0000000708400000| Untracked 
|  53|0x0000000708600000, 0x0000000708600000, 0x0000000708800000|  0%| F|  |TAMS 0x0000000708600000, 0x0000000708600000| Untracked 
|  54|0x0000000708800000, 0x0000000708800000, 0x0000000708a00000|  0%| F|  |TAMS 0x0000000708800000, 0x0000000708800000| Untracked 
|  55|0x0000000708a00000, 0x0000000708a00000, 0x0000000708c00000|  0%| F|  |TAMS 0x0000000708a00000, 0x0000000708a00000| Untracked 
|  56|0x0000000708c00000, 0x0000000708c00000, 0x0000000708e00000|  0%| F|  |TAMS 0x0000000708c00000, 0x0000000708c00000| Untracked 
|  57|0x0000000708e00000, 0x0000000708e00000, 0x0000000709000000|  0%| F|  |TAMS 0x0000000708e00000, 0x0000000708e00000| Untracked 
|  58|0x0000000709000000, 0x0000000709000000, 0x0000000709200000|  0%| F|  |TAMS 0x0000000709000000, 0x0000000709000000| Untracked 
|  59|0x0000000709200000, 0x0000000709200000, 0x0000000709400000|  0%| F|  |TAMS 0x0000000709200000, 0x0000000709200000| Untracked 
|  60|0x0000000709400000, 0x0000000709400000, 0x0000000709600000|  0%| F|  |TAMS 0x0000000709400000, 0x0000000709400000| Untracked 
|  61|0x0000000709600000, 0x0000000709600000, 0x0000000709800000|  0%| F|  |TAMS 0x0000000709600000, 0x0000000709600000| Untracked 
|  62|0x0000000709800000, 0x0000000709800000, 0x0000000709a00000|  0%| F|  |TAMS 0x0000000709800000, 0x0000000709800000| Untracked 
|  63|0x0000000709a00000, 0x0000000709a00000, 0x0000000709c00000|  0%| F|  |TAMS 0x0000000709a00000, 0x0000000709a00000| Untracked 
|  64|0x0000000709c00000, 0x0000000709c00000, 0x0000000709e00000|  0%| F|  |TAMS 0x0000000709c00000, 0x0000000709c00000| Untracked 
|  65|0x0000000709e00000, 0x0000000709e00000, 0x000000070a000000|  0%| F|  |TAMS 0x0000000709e00000, 0x0000000709e00000| Untracked 
|  66|0x000000070a000000, 0x000000070a000000, 0x000000070a200000|  0%| F|  |TAMS 0x000000070a000000, 0x000000070a000000| Untracked 
|  67|0x000000070a200000, 0x000000070a200000, 0x000000070a400000|  0%| F|  |TAMS 0x000000070a200000, 0x000000070a200000| Untracked 
|  68|0x000000070a400000, 0x000000070a400000, 0x000000070a600000|  0%| F|  |TAMS 0x000000070a400000, 0x000000070a400000| Untracked 
|  69|0x000000070a600000, 0x000000070a600000, 0x000000070a800000|  0%| F|  |TAMS 0x000000070a600000, 0x000000070a600000| Untracked 
|  70|0x000000070a800000, 0x000000070a800000, 0x000000070aa00000|  0%| F|  |TAMS 0x000000070a800000, 0x000000070a800000| Untracked 
|  71|0x000000070aa00000, 0x000000070aa00000, 0x000000070ac00000|  0%| F|  |TAMS 0x000000070aa00000, 0x000000070aa00000| Untracked 
|  72|0x000000070ac00000, 0x000000070ac00000, 0x000000070ae00000|  0%| F|  |TAMS 0x000000070ac00000, 0x000000070ac00000| Untracked 
|  73|0x000000070ae00000, 0x000000070ae00000, 0x000000070b000000|  0%| F|  |TAMS 0x000000070ae00000, 0x000000070ae00000| Untracked 
|  74|0x000000070b000000, 0x000000070b000000, 0x000000070b200000|  0%| F|  |TAMS 0x000000070b000000, 0x000000070b000000| Untracked 
|  75|0x000000070b200000, 0x000000070b200000, 0x000000070b400000|  0%| F|  |TAMS 0x000000070b200000, 0x000000070b200000| Untracked 
|  76|0x000000070b400000, 0x000000070b400000, 0x000000070b600000|  0%| F|  |TAMS 0x000000070b400000, 0x000000070b400000| Untracked 
|  77|0x000000070b600000, 0x000000070b600000, 0x000000070b800000|  0%| F|  |TAMS 0x000000070b600000, 0x000000070b600000| Untracked 
|  78|0x000000070b800000, 0x000000070b800000, 0x000000070ba00000|  0%| F|  |TAMS 0x000000070b800000, 0x000000070b800000| Untracked 
|  79|0x000000070ba00000, 0x000000070ba00000, 0x000000070bc00000|  0%| F|  |TAMS 0x000000070ba00000, 0x000000070ba00000| Untracked 
|  80|0x000000070bc00000, 0x000000070bc00000, 0x000000070be00000|  0%| F|  |TAMS 0x000000070bc00000, 0x000000070bc00000| Untracked 
|  81|0x000000070be00000, 0x000000070be00000, 0x000000070c000000|  0%| F|  |TAMS 0x000000070be00000, 0x000000070be00000| Untracked 
|  82|0x000000070c000000, 0x000000070c000000, 0x000000070c200000|  0%| F|  |TAMS 0x000000070c000000, 0x000000070c000000| Untracked 
|  83|0x000000070c200000, 0x000000070c200000, 0x000000070c400000|  0%| F|  |TAMS 0x000000070c200000, 0x000000070c200000| Untracked 
|  84|0x000000070c400000, 0x000000070c400000, 0x000000070c600000|  0%| F|  |TAMS 0x000000070c400000, 0x000000070c400000| Untracked 
|  85|0x000000070c600000, 0x000000070c600000, 0x000000070c800000|  0%| F|  |TAMS 0x000000070c600000, 0x000000070c600000| Untracked 
|  86|0x000000070c800000, 0x000000070c800000, 0x000000070ca00000|  0%| F|  |TAMS 0x000000070c800000, 0x000000070c800000| Untracked 
|  87|0x000000070ca00000, 0x000000070ca00000, 0x000000070cc00000|  0%| F|  |TAMS 0x000000070ca00000, 0x000000070ca00000| Untracked 
|  88|0x000000070cc00000, 0x000000070cc00000, 0x000000070ce00000|  0%| F|  |TAMS 0x000000070cc00000, 0x000000070cc00000| Untracked 
|  89|0x000000070ce00000, 0x000000070ce00000, 0x000000070d000000|  0%| F|  |TAMS 0x000000070ce00000, 0x000000070ce00000| Untracked 
|  90|0x000000070d000000, 0x000000070d000000, 0x000000070d200000|  0%| F|  |TAMS 0x000000070d000000, 0x000000070d000000| Untracked 
|  91|0x000000070d200000, 0x000000070d200000, 0x000000070d400000|  0%| F|  |TAMS 0x000000070d200000, 0x000000070d200000| Untracked 
|  92|0x000000070d400000, 0x000000070d400000, 0x000000070d600000|  0%| F|  |TAMS 0x000000070d400000, 0x000000070d400000| Untracked 
|  93|0x000000070d600000, 0x000000070d600000, 0x000000070d800000|  0%| F|  |TAMS 0x000000070d600000, 0x000000070d600000| Untracked 
|  94|0x000000070d800000, 0x000000070d800000, 0x000000070da00000|  0%| F|  |TAMS 0x000000070d800000, 0x000000070d800000| Untracked 
|  95|0x000000070da00000, 0x000000070da00000, 0x000000070dc00000|  0%| F|  |TAMS 0x000000070da00000, 0x000000070da00000| Untracked 
|  96|0x000000070dc00000, 0x000000070dc00000, 0x000000070de00000|  0%| F|  |TAMS 0x000000070dc00000, 0x000000070dc00000| Untracked 
|  97|0x000000070de00000, 0x000000070de00000, 0x000000070e000000|  0%| F|  |TAMS 0x000000070de00000, 0x000000070de00000| Untracked 
|  98|0x000000070e000000, 0x000000070e000000, 0x000000070e200000|  0%| F|  |TAMS 0x000000070e000000, 0x000000070e000000| Untracked 
|  99|0x000000070e200000, 0x000000070e200000, 0x000000070e400000|  0%| F|  |TAMS 0x000000070e200000, 0x000000070e200000| Untracked 
| 100|0x000000070e400000, 0x000000070e400000, 0x000000070e600000|  0%| F|  |TAMS 0x000000070e400000, 0x000000070e400000| Untracked 
| 101|0x000000070e600000, 0x000000070e600000, 0x000000070e800000|  0%| F|  |TAMS 0x000000070e600000, 0x000000070e600000| Untracked 
| 102|0x000000070e800000, 0x000000070e800000, 0x000000070ea00000|  0%| F|  |TAMS 0x000000070e800000, 0x000000070e800000| Untracked 
| 103|0x000000070ea00000, 0x000000070ea00000, 0x000000070ec00000|  0%| F|  |TAMS 0x000000070ea00000, 0x000000070ea00000| Untracked 
| 104|0x000000070ec00000, 0x000000070ec00000, 0x000000070ee00000|  0%| F|  |TAMS 0x000000070ec00000, 0x000000070ec00000| Untracked 
| 105|0x000000070ee00000, 0x000000070ee00000, 0x000000070f000000|  0%| F|  |TAMS 0x000000070ee00000, 0x000000070ee00000| Untracked 
| 106|0x000000070f000000, 0x000000070f000000, 0x000000070f200000|  0%| F|  |TAMS 0x000000070f000000, 0x000000070f000000| Untracked 
| 107|0x000000070f200000, 0x000000070f200000, 0x000000070f400000|  0%| F|  |TAMS 0x000000070f200000, 0x000000070f200000| Untracked 
| 108|0x000000070f400000, 0x000000070f400000, 0x000000070f600000|  0%| F|  |TAMS 0x000000070f400000, 0x000000070f400000| Untracked 
| 109|0x000000070f600000, 0x000000070f600000, 0x000000070f800000|  0%| F|  |TAMS 0x000000070f600000, 0x000000070f600000| Untracked 
| 110|0x000000070f800000, 0x000000070f800000, 0x000000070fa00000|  0%| F|  |TAMS 0x000000070f800000, 0x000000070f800000| Untracked 
| 111|0x000000070fa00000, 0x000000070fa00000, 0x000000070fc00000|  0%| F|  |TAMS 0x000000070fa00000, 0x000000070fa00000| Untracked 
| 112|0x000000070fc00000, 0x000000070fc00000, 0x000000070fe00000|  0%| F|  |TAMS 0x000000070fc00000, 0x000000070fc00000| Untracked 
| 113|0x000000070fe00000, 0x000000070fe00000, 0x0000000710000000|  0%| F|  |TAMS 0x000000070fe00000, 0x000000070fe00000| Untracked 
| 114|0x0000000710000000, 0x0000000710200000, 0x0000000710200000|100%| S|CS|TAMS 0x0000000710000000, 0x0000000710000000| Complete 
| 115|0x0000000710200000, 0x0000000710400000, 0x0000000710400000|100%| S|CS|TAMS 0x0000000710200000, 0x0000000710200000| Complete 
| 116|0x0000000710400000, 0x0000000710400000, 0x0000000710600000|  0%| F|  |TAMS 0x0000000710400000, 0x0000000710400000| Untracked 
| 117|0x0000000710600000, 0x00000007107fc908, 0x0000000710800000| 99%| E|  |TAMS 0x0000000710600000, 0x0000000710600000| Complete 
| 118|0x0000000710800000, 0x0000000710a00000, 0x0000000710a00000|100%| E|CS|TAMS 0x0000000710800000, 0x0000000710800000| Complete 
| 119|0x0000000710a00000, 0x0000000710c00000, 0x0000000710c00000|100%| E|CS|TAMS 0x0000000710a00000, 0x0000000710a00000| Complete 
| 120|0x0000000710c00000, 0x0000000710e00000, 0x0000000710e00000|100%| E|CS|TAMS 0x0000000710c00000, 0x0000000710c00000| Complete 
| 121|0x0000000710e00000, 0x0000000711000000, 0x0000000711000000|100%| E|CS|TAMS 0x0000000710e00000, 0x0000000710e00000| Complete 
| 122|0x0000000711000000, 0x0000000711200000, 0x0000000711200000|100%| E|CS|TAMS 0x0000000711000000, 0x0000000711000000| Complete 
| 123|0x0000000711200000, 0x0000000711400000, 0x0000000711400000|100%| E|CS|TAMS 0x0000000711200000, 0x0000000711200000| Complete 
| 124|0x0000000711400000, 0x0000000711600000, 0x0000000711600000|100%| E|CS|TAMS 0x0000000711400000, 0x0000000711400000| Complete 
| 125|0x0000000711600000, 0x00000007117ffff8, 0x0000000711800000| 99%| E|  |TAMS 0x0000000711600000, 0x0000000711600000| Complete 
| 126|0x0000000711800000, 0x0000000711a00000, 0x0000000711a00000|100%| E|CS|TAMS 0x0000000711800000, 0x0000000711800000| Complete 
| 127|0x0000000711a00000, 0x0000000711c00000, 0x0000000711c00000|100%| E|CS|TAMS 0x0000000711a00000, 0x0000000711a00000| Complete 

Card table byte_map: [0x0000027eeee00000,0x0000027eef600000] _byte_map_base: 0x0000027eeb5f2000

Marking Bits (Prev, Next): (CMBitMap*) 0x0000027ed5f4f300, (CMBitMap*) 0x0000027ed5f4f340
 Prev Bits: [0x0000027eefe00000, 0x0000027ef3d90000)
 Next Bits: [0x0000027ef3d90000, 0x0000027ef7d20000)

Polling page: 0x0000027ed5fa0000

Metaspace:

Usage:
  Non-class:     16.05 MB used.
      Class:      2.15 MB used.
       Both:     18.20 MB used.

Virtual space:
  Non-class space:       64.00 MB reserved,      16.19 MB ( 25%) committed,  1 nodes.
      Class space:        1.00 GB reserved,       2.31 MB ( <1%) committed,  1 nodes.
             Both:        1.06 GB reserved,      18.50 MB (  2%) committed. 

Chunk freelists:
   Non-Class:  3.34 MB
       Class:  1.73 MB
        Both:  5.08 MB

MaxMetaspaceSize: unlimited
CompressedClassSpaceSize: 1.00 GB
Initial GC threshold: 21.00 MB
Current GC threshold: 21.00 MB
CDS: on
MetaspaceReclaimPolicy: balanced
 - commit_granule_bytes: 65536.
 - commit_granule_words: 8192.
 - virtual_space_node_default_size: 8388608.
 - enlarge_chunks_in_place: 1.
 - new_chunks_are_fully_committed: 0.
 - uncommit_free_chunks: 1.
 - use_allocation_guard: 0.


Internal statistics:

num_allocs_failed_limit: 0.
num_arena_births: 182.
num_arena_deaths: 0.
num_vsnodes_births: 2.
num_vsnodes_deaths: 0.
num_space_committed: 296.
num_space_uncommitted: 0.
num_chunks_returned_to_freelist: 0.
num_chunks_taken_from_freelist: 571.
num_chunk_merges: 0.
num_chunk_splits: 376.
num_chunks_enlarged: 293.
num_inconsistent_stats: 0.

CodeHeap 'non-profiled nmethods': size=120000Kb used=903Kb max_used=903Kb free=119096Kb
 bounds [0x0000027ee6ab0000, 0x0000027ee6d20000, 0x0000027eedfe0000]
CodeHeap 'profiled nmethods': size=120000Kb used=4578Kb max_used=4578Kb free=115421Kb
 bounds [0x0000027edf580000, 0x0000027edfa00000, 0x0000027ee6ab0000]
CodeHeap 'non-nmethods': size=5760Kb used=1248Kb max_used=1276Kb free=4511Kb
 bounds [0x0000027edefe0000, 0x0000027edf250000, 0x0000027edf580000]
 total_blobs=2842 nmethods=2296 adapters=458
 compilation: enabled
              stopped_count=0, restarted_count=0
 full_count=0

Compilation events (20 events):
Event: 3.886 Thread 0x0000027efa3410a0 2288       3       java.nio.HeapCharBuffer::<init> (21 bytes)
Event: 3.886 Thread 0x0000027efa3410a0 nmethod 2288 0x0000027edf9e7110 code [0x0000027edf9e72c0, 0x0000027edf9e74e8]
Event: 3.886 Thread 0x0000027efa3410a0 2289   !   3       java.lang.invoke.BootstrapMethodInvoker::invoke (974 bytes)
Event: 3.893 Thread 0x0000027efa3410a0 nmethod 2289 0x0000027edf9e7610 code [0x0000027edf9e7ea0, 0x0000027edf9ef7d8]
Event: 3.893 Thread 0x0000027efa3410a0 2291       3       java.lang.invoke.BootstrapMethodInvoker::widenAndCast (47 bytes)
Event: 3.893 Thread 0x0000027e80168660 nmethod 2285 0x0000027ee6b90590 code [0x0000027ee6b90760, 0x0000027ee6b91128]
Event: 3.893 Thread 0x0000027efa3410a0 nmethod 2291 0x0000027edf9f2c10 code [0x0000027edf9f2e80, 0x0000027edf9f3818]
Event: 3.893 Thread 0x0000027efa3410a0 2290       3       java.lang.invoke.MethodHandleNatives::staticArgumentsPulled (5 bytes)
Event: 3.894 Thread 0x0000027efa3410a0 nmethod 2290 0x0000027edf9f3b10 code [0x0000027edf9f3ca0, 0x0000027edf9f3e98]
Event: 3.894 Thread 0x0000027efa3410a0 2292   !   3       java.lang.invoke.CallSite::makeSite (91 bytes)
Event: 3.894 Thread 0x0000027efa3410a0 nmethod 2292 0x0000027edf9f3f10 code [0x0000027edf9f4240, 0x0000027edf9f5338]
Event: 3.894 Thread 0x0000027efa3410a0 2293       3       java.lang.invoke.Invokers::callSiteForm (308 bytes)
Event: 3.895 Thread 0x0000027efa3410a0 nmethod 2293 0x0000027edf9f5e90 code [0x0000027edf9f61c0, 0x0000027edf9f78c8]
Event: 3.895 Thread 0x0000027efa3410a0 2294       3       java.util.stream.ForEachOps$ForEachOp$OfRef::accept (11 bytes)
Event: 3.895 Thread 0x0000027efa3410a0 nmethod 2294 0x0000027edf9f8210 code [0x0000027edf9f83c0, 0x0000027edf9f85a8]
Event: 3.895 Thread 0x0000027efa3410a0 2295       1       com.google.common.collect.ImmutableMapEntry::getNextInKeyBucket (2 bytes)
Event: 3.896 Thread 0x0000027efa3410a0 nmethod 2295 0x0000027ee6b91690 code [0x0000027ee6b91820, 0x0000027ee6b918f8]
Event: 3.906 Thread 0x0000027e80168660 2296       4       java.lang.ClassLoader::checkName (37 bytes)
Event: 3.908 Thread 0x0000027e80168660 nmethod 2296 0x0000027ee6b91990 code [0x0000027ee6b91b20, 0x0000027ee6b91cf8]
Event: 3.908 Thread 0x0000027e80168660 2297 % !   4       java.util.concurrent.ConcurrentHashMap::transfer @ 96 (849 bytes)

GC Heap History (6 events):
Event: 0.535 GC heap before
{Heap before GC invocations=0 (full 0):
 garbage-first heap   total 262144K, used 10240K [0x0000000701c00000, 0x0000000800000000)
  region size 2048K, 6 young (12288K), 0 survivors (0K)
 Metaspace       used 4636K, committed 4800K, reserved 1114112K
  class space    used 485K, committed 576K, reserved 1048576K
}
Event: 0.540 GC heap after
{Heap after GC invocations=1 (full 0):
 garbage-first heap   total 262144K, used 4236K [0x0000000701c00000, 0x0000000800000000)
  region size 2048K, 1 young (2048K), 1 survivors (2048K)
 Metaspace       used 4636K, committed 4800K, reserved 1114112K
  class space    used 485K, committed 576K, reserved 1048576K
}
Event: 0.804 GC heap before
{Heap before GC invocations=1 (full 0):
 garbage-first heap   total 262144K, used 14476K [0x0000000701c00000, 0x0000000800000000)
  region size 2048K, 6 young (12288K), 1 survivors (2048K)
 Metaspace       used 7939K, committed 8192K, reserved 1114112K
  class space    used 887K, committed 1024K, reserved 1048576K
}
Event: 0.808 GC heap after
{Heap after GC invocations=2 (full 0):
 garbage-first heap   total 262144K, used 5179K [0x0000000701c00000, 0x0000000800000000)
  region size 2048K, 1 young (2048K), 1 survivors (2048K)
 Metaspace       used 7939K, committed 8192K, reserved 1114112K
  class space    used 887K, committed 1024K, reserved 1048576K
}
Event: 1.136 GC heap before
{Heap before GC invocations=2 (full 0):
 garbage-first heap   total 262144K, used 27707K [0x0000000701c00000, 0x0000000800000000)
  region size 2048K, 12 young (24576K), 1 survivors (2048K)
 Metaspace       used 11227K, committed 11456K, reserved 1114112K
  class space    used 1226K, committed 1344K, reserved 1048576K
}
Event: 1.143 GC heap after
{Heap after GC invocations=3 (full 0):
 garbage-first heap   total 262144K, used 11091K [0x0000000701c00000, 0x0000000800000000)
  region size 2048K, 2 young (4096K), 2 survivors (4096K)
 Metaspace       used 11227K, committed 11456K, reserved 1114112K
  class space    used 1226K, committed 1344K, reserved 1048576K
}

Deoptimization events (20 events):
Event: 1.996 Thread 0x0000027ed5ede840 Uncommon trap: trap_request=0xffffffc6 fr.pc=0x0000027ee6b6bfc4 relative=0x00000000000007c4
Event: 1.996 Thread 0x0000027ed5ede840 Uncommon trap: reason=bimorphic_or_optimized_type_check action=maybe_recompile pc=0x0000027ee6b6bfc4 method=java.util.TreeMap.getEntryUsingComparator(Ljava/lang/Object;)Ljava/util/TreeMap$Entry; @ 29 c2
Event: 1.996 Thread 0x0000027ed5ede840 DEOPT PACKING pc=0x0000027ee6b6bfc4 sp=0x00000082d2afb8d0
Event: 1.996 Thread 0x0000027ed5ede840 DEOPT UNPACKING pc=0x0000027edf0323a3 sp=0x00000082d2afb860 mode 2
Event: 1.996 Thread 0x0000027ed5ede840 Uncommon trap: trap_request=0xffffffc6 fr.pc=0x0000027ee6b6bfc4 relative=0x00000000000007c4
Event: 1.996 Thread 0x0000027ed5ede840 Uncommon trap: reason=bimorphic_or_optimized_type_check action=maybe_recompile pc=0x0000027ee6b6bfc4 method=java.util.TreeMap.getEntryUsingComparator(Ljava/lang/Object;)Ljava/util/TreeMap$Entry; @ 29 c2
Event: 1.996 Thread 0x0000027ed5ede840 DEOPT PACKING pc=0x0000027ee6b6bfc4 sp=0x00000082d2afb8d0
Event: 1.996 Thread 0x0000027ed5ede840 DEOPT UNPACKING pc=0x0000027edf0323a3 sp=0x00000082d2afb860 mode 2
Event: 1.996 Thread 0x0000027ed5ede840 Uncommon trap: trap_request=0xffffffc6 fr.pc=0x0000027ee6b6bfc4 relative=0x00000000000007c4
Event: 1.996 Thread 0x0000027ed5ede840 Uncommon trap: reason=bimorphic_or_optimized_type_check action=maybe_recompile pc=0x0000027ee6b6bfc4 method=java.util.TreeMap.getEntryUsingComparator(Ljava/lang/Object;)Ljava/util/TreeMap$Entry; @ 29 c2
Event: 1.996 Thread 0x0000027ed5ede840 DEOPT PACKING pc=0x0000027ee6b6bfc4 sp=0x00000082d2afb8d0
Event: 1.996 Thread 0x0000027ed5ede840 DEOPT UNPACKING pc=0x0000027edf0323a3 sp=0x00000082d2afb860 mode 2
Event: 2.010 Thread 0x0000027ed5ede840 Uncommon trap: trap_request=0xffffff45 fr.pc=0x0000027ee6b5f7b4 relative=0x0000000000000c54
Event: 2.010 Thread 0x0000027ed5ede840 Uncommon trap: reason=unstable_if action=reinterpret pc=0x0000027ee6b5f7b4 method=jdk.internal.loader.URLClassPath.getResource(Ljava/lang/String;Z)Ljdk/internal/loader/Resource; @ 47 c2
Event: 2.010 Thread 0x0000027ed5ede840 DEOPT PACKING pc=0x0000027ee6b5f7b4 sp=0x00000082d2afc430
Event: 2.010 Thread 0x0000027ed5ede840 DEOPT UNPACKING pc=0x0000027edf0323a3 sp=0x00000082d2afc400 mode 2
Event: 2.040 Thread 0x0000027ed5ede840 Uncommon trap: trap_request=0xffffff45 fr.pc=0x0000027ee6b492ec relative=0x00000000000005cc
Event: 2.040 Thread 0x0000027ed5ede840 Uncommon trap: reason=unstable_if action=reinterpret pc=0x0000027ee6b492ec method=java.lang.String.replace(CC)Ljava/lang/String; @ 2 c2
Event: 2.040 Thread 0x0000027ed5ede840 DEOPT PACKING pc=0x0000027ee6b492ec sp=0x00000082d2afdd20
Event: 2.040 Thread 0x0000027ed5ede840 DEOPT UNPACKING pc=0x0000027edf0323a3 sp=0x00000082d2afdcd0 mode 2

Classes loaded (20 events):
Event: 3.854 Loading class java/util/stream/ReferencePipeline$15$1
Event: 3.854 Loading class java/util/stream/ReferencePipeline$15$1 done
Event: 3.877 Loading class java/util/TreeMap$EntrySpliterator
Event: 3.877 Loading class java/util/TreeMap$TreeMapSpliterator
Event: 3.877 Loading class java/util/TreeMap$TreeMapSpliterator done
Event: 3.877 Loading class java/util/TreeMap$EntrySpliterator done
Event: 3.879 Loading class java/util/stream/StreamSpliterators$WrappingSpliterator
Event: 3.879 Loading class java/util/stream/StreamSpliterators$AbstractWrappingSpliterator
Event: 3.879 Loading class java/util/stream/StreamSpliterators$AbstractWrappingSpliterator done
Event: 3.879 Loading class java/util/stream/StreamSpliterators$WrappingSpliterator done
Event: 3.879 Loading class java/util/stream/StreamSpliterators
Event: 3.879 Loading class java/util/stream/StreamSpliterators done
Event: 3.886 Loading class java/util/stream/Streams$ConcatSpliterator$OfRef
Event: 3.886 Loading class java/util/stream/Streams$ConcatSpliterator
Event: 3.886 Loading class java/util/stream/Streams$ConcatSpliterator done
Event: 3.886 Loading class java/util/stream/Streams$ConcatSpliterator$OfRef done
Event: 3.887 Loading class java/util/stream/Streams$2
Event: 3.887 Loading class java/util/stream/Streams$2 done
Event: 3.916 Loading class java/util/DualPivotQuicksort
Event: 3.917 Loading class java/util/DualPivotQuicksort done

Classes unloaded (0 events):
No events

Classes redefined (0 events):
No events

Internal exceptions (20 events):
Event: 2.110 Thread 0x0000027e8006b2e0 Exception <a 'java/net/SocketException'{0x0000000710cec048}: Socket is not connected: shutdown> (0x0000000710cec048) 
thrown [t:\workspace\open\src\hotspot\share\prims\jni.cpp, line 535]
Event: 2.157 Thread 0x0000027e8006b2e0 Exception <a 'java/net/ConnectException'{0x0000000710cecfe0}: Connection refused: no further information> (0x0000000710cecfe0) 
thrown [t:\workspace\open\src\hotspot\share\prims\jni.cpp, line 535]
Event: 2.157 Thread 0x0000027e8006b2e0 Exception <a 'java/net/SocketException'{0x0000000710ced318}: Socket is not connected: shutdown> (0x0000000710ced318) 
thrown [t:\workspace\open\src\hotspot\share\prims\jni.cpp, line 535]
Event: 2.266 Thread 0x0000027e8006b2e0 Exception <a 'java/net/ConnectException'{0x0000000710cee2b0}: Connection refused: no further information> (0x0000000710cee2b0) 
thrown [t:\workspace\open\src\hotspot\share\prims\jni.cpp, line 535]
Event: 2.266 Thread 0x0000027e8006b2e0 Exception <a 'java/net/SocketException'{0x0000000710cee5e8}: Socket is not connected: shutdown> (0x0000000710cee5e8) 
thrown [t:\workspace\open\src\hotspot\share\prims\jni.cpp, line 535]
Event: 2.438 Thread 0x0000027e8006b2e0 Exception <a 'java/net/ConnectException'{0x0000000710cef580}: Connection refused: no further information> (0x0000000710cef580) 
thrown [t:\workspace\open\src\hotspot\share\prims\jni.cpp, line 535]
Event: 2.438 Thread 0x0000027e8006b2e0 Exception <a 'java/net/SocketException'{0x0000000710cef8b8}: Socket is not connected: shutdown> (0x0000000710cef8b8) 
thrown [t:\workspace\open\src\hotspot\share\prims\jni.cpp, line 535]
Event: 2.781 Thread 0x0000027e8006b2e0 Exception <a 'java/net/ConnectException'{0x0000000710cf0850}: Connection refused: no further information> (0x0000000710cf0850) 
thrown [t:\workspace\open\src\hotspot\share\prims\jni.cpp, line 535]
Event: 2.781 Thread 0x0000027e8006b2e0 Exception <a 'java/net/SocketException'{0x0000000710cf0b88}: Socket is not connected: shutdown> (0x0000000710cf0b88) 
thrown [t:\workspace\open\src\hotspot\share\prims\jni.cpp, line 535]
Event: 3.115 Thread 0x0000027e8006b2e0 Exception <a 'java/net/ConnectException'{0x0000000710cf1b20}: Connection refused: no further information> (0x0000000710cf1b20) 
thrown [t:\workspace\open\src\hotspot\share\prims\jni.cpp, line 535]
Event: 3.115 Thread 0x0000027e8006b2e0 Exception <a 'java/net/SocketException'{0x0000000710cf1e58}: Socket is not connected: shutdown> (0x0000000710cf1e58) 
thrown [t:\workspace\open\src\hotspot\share\prims\jni.cpp, line 535]
Event: 3.445 Thread 0x0000027e8006b2e0 Exception <a 'java/net/ConnectException'{0x0000000710cf2df0}: Connection refused: no further information> (0x0000000710cf2df0) 
thrown [t:\workspace\open\src\hotspot\share\prims\jni.cpp, line 535]
Event: 3.445 Thread 0x0000027e8006b2e0 Exception <a 'java/net/SocketException'{0x0000000710cf3128}: Socket is not connected: shutdown> (0x0000000710cf3128) 
thrown [t:\workspace\open\src\hotspot\share\prims\jni.cpp, line 535]
Event: 3.790 Thread 0x0000027ed5ede840 Exception <a 'java/lang/NoSuchMethodError'{0x0000000710d9bc78}: 'java.lang.Object java.lang.invoke.DirectMethodHandle$Holder.invokeInterface(java.lang.Object, java.lang.Object, java.lang.Object)'> (0x0000000710d9bc78) 
thrown [t:\workspace\open\src\hotspot\share\interpreter\linkResolver.cpp, line 766]
Event: 3.791 Thread 0x0000027ed5ede840 Exception <a 'java/lang/IncompatibleClassChangeError'{0x0000000710d9f338}: Found class java.lang.Object, but interface was expected> (0x0000000710d9f338) 
thrown [t:\workspace\open\src\hotspot\share\interpreter\linkResolver.cpp, line 833]
Event: 3.792 Thread 0x0000027ed5ede840 Exception <a 'java/lang/NoSuchMethodError'{0x0000000710da7ea8}: 'int java.lang.invoke.DirectMethodHandle$Holder.invokeSpecialIFC(java.lang.Object, java.lang.Object, java.lang.Object, java.lang.Object)'> (0x0000000710da7ea8) 
thrown [t:\workspace\open\src\hotspot\share\interpreter\linkResolver.cpp, line 766]
Event: 3.799 Thread 0x0000027ed5ede840 Exception <a 'java/lang/NoSuchMethodError'{0x0000000710a00588}: 'double java.lang.invoke.DirectMethodHandle$Holder.invokeVirtual(java.lang.Object, java.lang.Object)'> (0x0000000710a00588) 
thrown [t:\workspace\open\src\hotspot\share\interpreter\linkResolver.cpp, line 766]
Event: 3.799 Thread 0x0000027ed5ede840 Exception <a 'java/lang/NoSuchMethodError'{0x0000000710a070a8}: 'float java.lang.invoke.DirectMethodHandle$Holder.invokeVirtual(java.lang.Object, java.lang.Object)'> (0x0000000710a070a8) 
thrown [t:\workspace\open\src\hotspot\share\interpreter\linkResolver.cpp, line 766]
Event: 3.800 Thread 0x0000027ed5ede840 Exception <a 'java/lang/NoSuchMethodError'{0x0000000710a10308}: 'long java.lang.invoke.DirectMethodHandle$Holder.invokeVirtual(java.lang.Object, java.lang.Object)'> (0x0000000710a10308) 
thrown [t:\workspace\open\src\hotspot\share\interpreter\linkResolver.cpp, line 766]
Event: 3.833 Thread 0x0000027ed5ede840 Exception <a 'java/lang/NoSuchMethodError'{0x0000000710b583c0}: 'void java.lang.invoke.DirectMethodHandle$Holder.invokeSpecial(java.lang.Object, java.lang.Object, java.lang.Object, java.lang.Object, java.lang.Object)'> (0x0000000710b583c0) 
thrown [t:\workspace\open\src\hotspot\share\interpreter\linkResolver.cpp, line 766]

VM Operations (20 events):
Event: 1.027 Executing VM operation: HandshakeAllThreads
Event: 1.027 Executing VM operation: HandshakeAllThreads done
Event: 1.031 Executing VM operation: HandshakeAllThreads
Event: 1.031 Executing VM operation: HandshakeAllThreads done
Event: 1.136 Executing VM operation: G1CollectForAllocation
Event: 1.143 Executing VM operation: G1CollectForAllocation done
Event: 1.248 Executing VM operation: HandshakeAllThreads
Event: 1.248 Executing VM operation: HandshakeAllThreads done
Event: 2.250 Executing VM operation: Cleanup
Event: 2.250 Executing VM operation: Cleanup done
Event: 3.779 Executing VM operation: HandshakeAllThreads
Event: 3.779 Executing VM operation: HandshakeAllThreads done
Event: 3.779 Executing VM operation: Cleanup
Event: 3.779 Executing VM operation: Cleanup done
Event: 3.780 Executing VM operation: HandshakeAllThreads
Event: 3.780 Executing VM operation: HandshakeAllThreads done
Event: 3.781 Executing VM operation: HandshakeAllThreads
Event: 3.782 Executing VM operation: HandshakeAllThreads done
Event: 3.858 Executing VM operation: HandshakeAllThreads
Event: 3.858 Executing VM operation: HandshakeAllThreads done

Events (20 events):
Event: 0.026 Thread 0x0000027efa33f730 Thread added: 0x0000027efa33f730
Event: 0.026 Thread 0x0000027efa3410a0 Thread added: 0x0000027efa3410a0
Event: 0.027 Thread 0x0000027efa355170 Thread added: 0x0000027efa355170
Event: 0.071 Thread 0x0000027efe5c5930 Thread added: 0x0000027efe5c5930
Event: 0.074 Thread 0x0000027efe5cee80 Thread added: 0x0000027efe5cee80
Event: 0.076 Loaded shared library C:\Program Files\Java\jdk-18\bin\net.dll
Event: 0.078 Loaded shared library C:\Program Files\Java\jdk-18\bin\nio.dll
Event: 0.082 Loaded shared library C:\Program Files\Java\jdk-18\bin\zip.dll
Event: 0.248 Thread 0x0000027efe77a190 Thread added: 0x0000027efe77a190
Event: 0.259 Loaded shared library C:\Program Files\Java\jdk-18\bin\jimage.dll
Event: 0.288 Loaded shared library C:\Program Files\Java\jdk-18\bin\verify.dll
Event: 0.366 Thread 0x0000027efeac08d0 Thread added: 0x0000027efeac08d0
Event: 0.790 Loaded shared library C:\Program Files\Java\jdk-18\bin\sunmscapi.dll
Event: 2.042 Thread 0x0000027e80113c60 Thread added: 0x0000027e80113c60
Event: 2.047 Thread 0x0000027e8006b2e0 Thread added: 0x0000027e8006b2e0
Event: 2.050 Thread 0x0000027e8027e1f0 Thread added: 0x0000027e8027e1f0
Event: 2.050 Thread 0x0000027e8006b7a0 Thread added: 0x0000027e8006b7a0
Event: 3.716 Thread 0x0000027efe77a190 Thread exited: 0x0000027efe77a190
Event: 3.781 Thread 0x0000027efe77a190 Thread added: 0x0000027efe77a190
Event: 3.859 Thread 0x0000027e80168660 Thread added: 0x0000027e80168660


Dynamic libraries:
0x00007ff601fc0000 - 0x00007ff601fd0000 	C:\Program Files\Java\jdk-18\bin\javaw.exe
0x00007ffe9d530000 - 0x00007ffe9d725000 	C:\WINDOWS\SYSTEM32\ntdll.dll
0x00007ffe9b710000 - 0x00007ffe9b7cd000 	C:\WINDOWS\System32\KERNEL32.DLL
0x00007ffe9aec0000 - 0x00007ffe9b18d000 	C:\WINDOWS\System32\KERNELBASE.dll
0x00007ffe9adc0000 - 0x00007ffe9aec0000 	C:\WINDOWS\System32\ucrtbase.dll
0x00007ffe95010000 - 0x00007ffe95028000 	C:\Program Files\Java\jdk-18\bin\jli.dll
0x00007ffe93ea0000 - 0x00007ffe93eba000 	C:\Program Files\Java\jdk-18\bin\VCRUNTIME140.dll
0x00007ffe9c090000 - 0x00007ffe9c13e000 	C:\WINDOWS\System32\ADVAPI32.dll
0x00007ffe9c3e0000 - 0x00007ffe9c47e000 	C:\WINDOWS\System32\msvcrt.dll
0x00007ffe9c560000 - 0x00007ffe9c5fc000 	C:\WINDOWS\System32\sechost.dll
0x00007ffe9c140000 - 0x00007ffe9c265000 	C:\WINDOWS\System32\RPCRT4.dll
0x00007ffe9bef0000 - 0x00007ffe9c090000 	C:\WINDOWS\System32\USER32.dll
0x00007ffe88630000 - 0x00007ffe888ca000 	C:\WINDOWS\WinSxS\amd64_microsoft.windows.common-controls_6595b64144ccf1df_6.0.19041.1110_none_60b5254171f9507e\COMCTL32.dll
0x00007ffe9acf0000 - 0x00007ffe9ad12000 	C:\WINDOWS\System32\win32u.dll
0x00007ffe9c600000 - 0x00007ffe9c62a000 	C:\WINDOWS\System32\GDI32.dll
0x00007ffe9b370000 - 0x00007ffe9b47b000 	C:\WINDOWS\System32\gdi32full.dll
0x00007ffe9ad20000 - 0x00007ffe9adbd000 	C:\WINDOWS\System32\msvcp_win.dll
0x00007ffe8fcb0000 - 0x00007ffe8fcba000 	C:\WINDOWS\SYSTEM32\VERSION.dll
0x00007ffe9c630000 - 0x00007ffe9c660000 	C:\WINDOWS\System32\IMM32.DLL
0x00007ffe94ff0000 - 0x00007ffe94ffc000 	C:\Program Files\Java\jdk-18\bin\vcruntime140_1.dll
0x00007ffe83b80000 - 0x00007ffe83c0d000 	C:\Program Files\Java\jdk-18\bin\msvcp140.dll
0x00007ffe4ac00000 - 0x00007ffe4b811000 	C:\Program Files\Java\jdk-18\bin\server\jvm.dll
0x00007ffe9be00000 - 0x00007ffe9be08000 	C:\WINDOWS\System32\PSAPI.DLL
0x00007ffe8f8c0000 - 0x00007ffe8f8c9000 	C:\WINDOWS\SYSTEM32\WSOCK32.dll
0x00007ffe8b830000 - 0x00007ffe8b857000 	C:\WINDOWS\SYSTEM32\WINMM.dll
0x00007ffe9c710000 - 0x00007ffe9c77b000 	C:\WINDOWS\System32\WS2_32.dll
0x00007ffe998b0000 - 0x00007ffe998c2000 	C:\WINDOWS\SYSTEM32\kernel.appcore.dll
0x00007ffe94e80000 - 0x00007ffe94e8a000 	C:\Program Files\Java\jdk-18\bin\jimage.dll
0x00007ffe99550000 - 0x00007ffe99734000 	C:\WINDOWS\SYSTEM32\DBGHELP.DLL
0x00007ffe91ce0000 - 0x00007ffe91d0c000 	C:\WINDOWS\SYSTEM32\dbgcore.DLL
0x00007ffe9b4f0000 - 0x00007ffe9b572000 	C:\WINDOWS\System32\bcryptPrimitives.dll
0x00007ffe90890000 - 0x00007ffe908b5000 	C:\Program Files\Java\jdk-18\bin\java.dll
0x00007ffe7cf40000 - 0x00007ffe7d016000 	C:\Program Files\Java\jdk-18\bin\jsvml.dll
0x00007ffe9c780000 - 0x00007ffe9cec4000 	C:\WINDOWS\System32\SHELL32.dll
0x00007ffe988b0000 - 0x00007ffe99044000 	C:\WINDOWS\SYSTEM32\windows.storage.dll
0x00007ffe9ced0000 - 0x00007ffe9d224000 	C:\WINDOWS\System32\combase.dll
0x00007ffe9a6a0000 - 0x00007ffe9a6cc000 	C:\WINDOWS\SYSTEM32\Wldp.dll
0x00007ffe9c330000 - 0x00007ffe9c3dd000 	C:\WINDOWS\System32\SHCORE.dll
0x00007ffe9d2c0000 - 0x00007ffe9d315000 	C:\WINDOWS\System32\shlwapi.dll
0x00007ffe9ab80000 - 0x00007ffe9ab9f000 	C:\WINDOWS\SYSTEM32\profapi.dll
0x00007ffe93dc0000 - 0x00007ffe93dd3000 	C:\Program Files\Java\jdk-18\bin\net.dll
0x00007ffe929c0000 - 0x00007ffe92aca000 	C:\WINDOWS\SYSTEM32\WINHTTP.dll
0x00007ffe9a400000 - 0x00007ffe9a46a000 	C:\WINDOWS\system32\mswsock.dll
0x00007ffe8f130000 - 0x00007ffe8f146000 	C:\Program Files\Java\jdk-18\bin\nio.dll
0x00007ffe8ef10000 - 0x00007ffe8ef28000 	C:\Program Files\Java\jdk-18\bin\zip.dll
0x00007ffe90910000 - 0x00007ffe90920000 	C:\Program Files\Java\jdk-18\bin\verify.dll
0x00007ffe9a130000 - 0x00007ffe9a1fb000 	C:\WINDOWS\SYSTEM32\DNSAPI.dll
0x00007ffe9a0a0000 - 0x00007ffe9a0db000 	C:\WINDOWS\SYSTEM32\IPHLPAPI.DLL
0x00007ffe9b580000 - 0x00007ffe9b588000 	C:\WINDOWS\System32\NSI.dll
0x00007ffe91890000 - 0x00007ffe9189a000 	C:\Windows\System32\rasadhlp.dll
0x00007ffe92000000 - 0x00007ffe92080000 	C:\WINDOWS\System32\fwpuclnt.dll
0x00007ffe9b340000 - 0x00007ffe9b367000 	C:\WINDOWS\System32\bcrypt.dll
0x00007ffe9a5f0000 - 0x00007ffe9a608000 	C:\WINDOWS\SYSTEM32\CRYPTSP.dll
0x00007ffe99d10000 - 0x00007ffe99d44000 	C:\WINDOWS\system32\rsaenh.dll
0x00007ffe9ab00000 - 0x00007ffe9ab2e000 	C:\WINDOWS\SYSTEM32\USERENV.dll
0x00007ffe9a610000 - 0x00007ffe9a61c000 	C:\WINDOWS\SYSTEM32\CRYPTBASE.dll
0x00007ffe91d70000 - 0x00007ffe91d87000 	C:\WINDOWS\SYSTEM32\dhcpcsvc6.DLL
0x00007ffe92130000 - 0x00007ffe9214d000 	C:\WINDOWS\SYSTEM32\dhcpcsvc.DLL
0x00007ffe8d040000 - 0x00007ffe8d04e000 	C:\Program Files\Java\jdk-18\bin\sunmscapi.dll
0x00007ffe9b1e0000 - 0x00007ffe9b336000 	C:\WINDOWS\System32\CRYPT32.dll
0x00007ffe9a710000 - 0x00007ffe9a737000 	C:\WINDOWS\SYSTEM32\ncrypt.dll
0x00007ffe9a6d0000 - 0x00007ffe9a70b000 	C:\WINDOWS\SYSTEM32\NTASN1.dll

dbghelp: loaded successfully - version: 4.0.5 - missing functions: none
symbol engine: initialized successfully - sym options: 0x614 - pdb path: .;C:\Program Files\Java\jdk-18\bin;C:\WINDOWS\SYSTEM32;C:\WINDOWS\WinSxS\amd64_microsoft.windows.common-controls_6595b64144ccf1df_6.0.19041.1110_none_60b5254171f9507e;C:\Program Files\Java\jdk-18\bin\server

VM Arguments:
jvm_args: -Djava.vendor=Sun Microsystems Inc. -ea -Dfile.encoding=UTF-8 -XX:+ShowCodeDetailsInExceptionMessages 
java_command: org.testng.remote.RemoteTestNG -serport 51157 -protocol json -d C:\Users\vamsiraji\eclipse-workspace1\salesfrocepomproject\test-output C:\Users\VAMSIR~1\AppData\Local\Temp\testng-eclipse--1803219171\testng-customsuite.xml
java_class_path (initial): C:\Users\vamsiraji\eclipse\java-2022-03\eclipse\configuration\org.eclipse.osgi\431\0\.cp\lib\testng-remote.jar;C:\Users\vamsiraji\eclipse-workspace1\salesfrocepomproject\target\test-classes;C:\Users\vamsiraji\eclipse-workspace1\salesfrocepomproject\target\classes;C:\Users\vamsiraji\.m2\repository\org\seleniumhq\selenium\selenium-server\3.141.59\selenium-server-3.141.59.jar;C:\Users\vamsiraji\.m2\repository\org\seleniumhq\selenium\selenium-java\3.141.59\selenium-java-3.141.59.jar;C:\Users\vamsiraji\.m2\repository\org\seleniumhq\selenium\selenium-api\3.141.59\selenium-api-3.141.59.jar;C:\Users\vamsiraji\.m2\repository\org\seleniumhq\selenium\selenium-chrome-driver\3.141.59\selenium-chrome-driver-3.141.59.jar;C:\Users\vamsiraji\.m2\repository\org\seleniumhq\selenium\selenium-edge-driver\3.141.59\selenium-edge-driver-3.141.59.jar;C:\Users\vamsiraji\.m2\repository\org\seleniumhq\selenium\selenium-firefox-driver\3.141.59\selenium-firefox-driver-3.141.59.jar;C:\Users\vamsiraji\.m2\repository\org\seleniumhq\selenium\selenium-ie-driver\3.141.59\selenium-ie-driver-3.141.59.jar;C:\Users\vamsiraji\.m2\repository\org\seleniumhq\selenium\selenium-opera-driver\3.141.59\selenium-opera-driver-3.141.59.jar;C:\Users\vamsiraji\.m2\repository\org\seleniumhq\selenium\selenium-remote-driver\3.141.59\selenium-remote-driver-3.141.59.jar;C:\Users\vamsiraji\.m2\repository\org\seleniumhq\selenium\selenium-safari-driver\3.141.59\selenium-safari-driver-3.141.59.jar;C:\Users\vamsiraji\.m2\repository\org\seleniumhq\selenium\selenium-support\3.141.59\selenium-support-3.141.59.jar;C:\Users\vamsiraji\.m2\repository\com\beust\jcommander\1.72\jcommander-1.72.jar;C:\Users\vamsiraji\.m2\repository\net\bytebuddy\byte-buddy\1.8.15\byte-buddy-1.8.15.jar;C:\Users\vamsiraji\.m2\repository\org\apache\commons\commons-exec\1.3\commons-exec-1.3.jar;C:\Users\vamsiraji\.m2\repository\com\google\guava\guava\25.0-jre\guava-25.0-jre.jar;C:\Users\vamsiraji\.m2\repository\org\checkerframework\checker-compat-qual\2.0.0\checker-compat-qual-2.0.0.jar;C:\Users\vamsiraji\.m2\repository\com\google\errorprone\error_prone_annotations\2.1.3\error_prone_annotations-2.1.3.jar;C:\Users\vamsiraji\.m2\repository\com\google\j2objc\j2objc-annotations\1.1\j2objc-annotations-1.1.jar;C:\Users\vamsiraji\.m2\repository\org\codehaus\mojo\animal-sniffer-annotations\1.14\animal-sniffer-annotations-1.14.jar;C:\Users\vamsiraji\.m2\repository\net\jcip\jcip-annotations\1.0\jcip-annotations-1.0.jar;C:\Users\vamsiraji\.m2\repository\org\seleniumhq\selenium\jetty-repacked\9.4.12.v20180830\jetty-repacked-9.4.12.v20180830.jar;C:\Users\vamsiraji\.m2\repository\com\squareup\okhttp3\okhttp\3.11.0\okhttp-3.11.0.jar;C:\Users\vamsiraji\.m2\repository\com\squareup\okio\okio\1.14.0\okio-1.14.0.jar;C:\Users\vamsiraji\.m2\repository\javax\servlet\javax.servlet-api\3.1.0\javax.servlet-api-3.1.0.jar;C:\Users\vamsiraji\.m2\repository\org\yaml\snakeyaml\1.19\snakeyaml-1.19.jar;C:\Users\vamsiraji\.m2\repository\io\github\bonigarcia\webdrivermanager\5.0.3\webdrivermanager-5.0.3.jar;C:\Users\vamsiraji\.m2\repository\org\slf4j\slf4j-api\1.7.32\slf4j-api-1.7.32.jar;C:\Users\vamsiraji\.m2\repository\com\google\code\gson\gson\2.8.8\gson-2.8.8.jar;C:\Users\vamsiraji\.m2\repository\org\jsoup\jsoup\1.14.2\jsoup-1.14.2.jar;C:\Users\vamsiraji\.m2\repository\com\github\docker-java\docker-java\3.2.12\docker-java-3.2.12.jar;C:\Users\vamsiraji\.m2\repository\com\github\docker-java\docker-java-core\3.2.12\docker-java-core-3.2.12.jar;C:\Users\vamsiraji\.m2\repository\com\github\docker-java\docker-java-api\3.2.12\docker-java-api-3.2.12.jar;C:\Users\vamsiraji\.m2\repository\com\fasterxml\jackson\core\jackson-annotations\2.10.3\jackson-annotations-2.10.3.jar;C:\Users\vamsiraji\.m2\repository\commons-io\commons-io\2.6\commons-io-2.6.jar;C:\Users\vamsiraji\.m2\repository\org\apache\commons\commons-compress\1.21\commons-compress-1.21.jar;C:\Users\vamsiraji\.m2\repository\commons-lang\commons-lang\2.6\commons-lang-2.6.jar;C:\Users\vamsiraji\.m2\repository\com\fasterxml\jackson\core\jackson-databind\2.10.3\jackson-databind-2.10.3.jar;C:\Users\vamsiraji\.m2\repository\com\fasterxml\jackson\core\jackson-core\2.10.3\jackson-core-2.10.3.jar;C:\Users\vamsiraji\.m2\repository\org\bouncycastle\bcpkix-jdk15on\1.64\bcpkix-jdk15on-1.64.jar;C:\Users\vamsiraji\.m2\repository\org\bouncycastle\bcprov-jdk15on\1.64\bcprov-jdk15on-1.64.jar;C:\Users\vamsiraji\.m2\repository\org\slf4j\jcl-over-slf4j\1.7.30\jcl-over-slf4j-1.7.30.jar;C:\Users\vamsiraji\.m2\repository\com\github\docker-java\docker-java-transport-httpclient5\3.2.12\docker-java-transport-httpclient5-3.2.12.jar;C:\Users\vamsiraji\.m2\repository\com\github\docker-java\docker-java-transport\3.2.12\docker-java-transport-3.2.12.jar;C:\Users\vamsiraji\.m2\repository\org\apache\httpcomponents\client5\httpclient5\5.0.3\httpclient5-5.0.3.jar;C:\Users\vamsiraji\.m2\repository\org\apache\httpcomponents\core5\httpcore5\5.0.2\httpcore5-5.0.2.jar;C:\Users\vamsiraji\.m2\repository\net\java\dev\jna\jna\5.8.0\jna-5.8.0.jar;C:\Users\vamsiraji\.m2\repository\org\brotli\dec\0.1.2\dec-0.1.2.jar;C:\Users\vamsiraji\.m2\repository\org\testng\testng\7.5\testng-7.5.jar;C:\Users\vamsiraji\.m2\repository\com\google\code\findbugs\jsr305\3.0.1\jsr305-3.0.1.jar;C:\Users\vamsiraji\.m2\repository\org\webjars\jquery\3.5.1\jquery-3.5.1.jar;C:\Users\vamsiraji\.m2\repository\com\aventstack\extentreports\3.1.5\extentreports-3.1.5.jar;C:\Users\vamsiraji\.m2\repository\org\freemarker\freemarker\2.3.23\freemarker-2.3.23.jar;C:\Users\vamsiraji\.m2\repository\org\mongodb\mongodb-driver\3.3.0\mongodb-driver-3.3.0.jar;C:\Users\vamsiraji\.m2\repository\org\mongodb\bson\3.3.0\bson-3.3.0.jar;C:\Users\vamsiraji\.m2\repository\org\mongodb\mongodb-driver-core\3.3.0\mongodb-driver-core-3.3.0.jar;C:\Users\vamsiraji\.m2\repository\org\apache\httpcomponents\httpclient\4.5.2\httpclient-4.5.2.jar;C:\Users\vamsiraji\.m2\repository\org\apache\httpcomponents\httpcore\4.4.4\httpcore-4.4.4.jar;C:\Users\vamsiraji\.m2\repository\commons-logging\commons-logging\1.2\commons-logging-1.2.jar;C:\Users\vamsiraji\.m2\repository\commons-codec\commons-codec\1.9\commons-codec-1.9.jar;C:\Users\vamsiraji\.m2\repository\org\apache\httpcomponents\httpmime\4.5.2\httpmime-4.5.2.jar
Launcher Type: SUN_STANDARD

[Global flags]
     intx CICompilerCount                          = 3                                         {product} {ergonomic}
     uint ConcGCThreads                            = 1                                         {product} {ergonomic}
     uint G1ConcRefinementThreads                  = 4                                         {product} {ergonomic}
   size_t G1HeapRegionSize                         = 2097152                                   {product} {ergonomic}
    uintx GCDrainStackTargetSize                   = 64                                        {product} {ergonomic}
   size_t InitialHeapSize                          = 268435456                                 {product} {ergonomic}
   size_t MarkStackSize                            = 4194304                                   {product} {ergonomic}
   size_t MaxHeapSize                              = 4265607168                                {product} {ergonomic}
   size_t MaxNewSize                               = 2558525440                                {product} {ergonomic}
   size_t MinHeapDeltaBytes                        = 2097152                                   {product} {ergonomic}
   size_t MinHeapSize                              = 8388608                                   {product} {ergonomic}
    uintx NonNMethodCodeHeapSize                   = 5832780                                {pd product} {ergonomic}
    uintx NonProfiledCodeHeapSize                  = 122912730                              {pd product} {ergonomic}
    uintx ProfiledCodeHeapSize                     = 122912730                              {pd product} {ergonomic}
    uintx ReservedCodeCacheSize                    = 251658240                              {pd product} {ergonomic}
     bool SegmentedCodeCache                       = true                                      {product} {ergonomic}
     bool ShowCodeDetailsInExceptionMessages       = true                                   {manageable} {command line}
   size_t SoftMaxHeapSize                          = 4265607168                             {manageable} {ergonomic}
     bool UseCompressedClassPointers               = true                           {product lp64_product} {ergonomic}
     bool UseCompressedOops                        = true                           {product lp64_product} {ergonomic}
     bool UseG1GC                                  = true                                      {product} {ergonomic}
     bool UseLargePagesIndividualAllocation        = false                                  {pd product} {ergonomic}

Logging:
Log output configuration:
 #0: stdout all=warning uptime,level,tags foldmultilines=false
 #1: stderr all=off uptime,level,tags foldmultilines=false

Environment Variables:
JAVA_TOOL_OPTIONS=-Djava.vendor="Sun Microsystems Inc."
PATH=C:\Program Files\Common Files\Oracle\Java\javapath;C:\Users\vamsiraji\Documents\10gdev\jdk\jre\bin\client;C:\Users\vamsiraji\Documents\10gdev\jlib;C:\Users\vamsiraji\Documents\10gdev\bin;C:\Users\vamsiraji\Documents\10gdev\jre\1.4.2\bin\client;C:\Users\vamsiraji\Documents\10gdev\jre\1.4.2\bin;C:\app\vamsiraji\product\11.2.0\client_1\bin;C:\Program Files (x86)\Common Files\Oracle\Java\javapath;C:\ProgramData\Oracle\Java\javapath;C:\Program Files (x86)\Intel\iCLS Client\;C:\Program Files\Intel\iCLS Client\;C:\WINDOWS\system32;C:\WINDOWS;C:\WINDOWS\System32\Wbem;C:\WINDOWS\System32\WindowsPowerShell\v1.0\;C:\Program Files\PuTTY\;C:\Program Files (x86)\Intel\Intel(R) Management Engine Components\DAL;C:\Program Files\Intel\Intel(R) Management Engine Components\DAL;C:\Program Files (x86)\Intel\Intel(R) Management Engine Components\IPT;C:\Program Files\Intel\Intel(R) Management Engine Components\IPT;C:\WINDOWS\System32\OpenSSH\;C:\Program Files\Intel\WiFi\bin\;C:\Program Files\Common Files\Intel\WirelessCommon\;C:\Android;C:\Windows\System32;C:\Program Files\Microsoft SQL Server\150\Tools\Binn\;C:\Program Files\Java\jdk-18\bin;C:\WINDOWS\system32;C:\WINDOWS;C:\WINDOWS\System32\Wbem;C:\WINDOWS\System32\WindowsPowerShell\v1.0\;C:\WINDOWS\System32\OpenSSH\;C:\Program Files\apache-maven-3.8.5\bin;C:\Program Files\MySQL\MySQL Shell 8.0\bin\;C:\Users\vamsiraji\AppData\Local\Programs\Python\Python36-32\Scripts\;C:\Users\vamsiraji\AppData\Local\Programs\Python\Python36-32\;C:\Users\vamsiraji\AppData\Local\Microsoft\WindowsApps;C:\Users\vamsiraji\.dotnet\tools;C:\Users\vamsiraji\AppData\Local\atom\bin;C:\Program Files\JetBrains\PyCharm Community Edition 2021.3.2\bin;;C:\Users\vamsiraji\AppData\Local\Microsoft\WindowsApps
USERNAME=vamsiraji
OS=Windows_NT
PROCESSOR_IDENTIFIER=Intel64 Family 6 Model 142 Stepping 9, GenuineIntel



---------------  S Y S T E M  ---------------

OS:
 Windows 10 , 64 bit Build 19041 (10.0.19041.1706)
OS uptime: 5 days 22:13 hours

CPU: total 4 (initial active 4) (2 cores per cpu, 2 threads per core) family 6 model 142 stepping 9 microcode 0xb4, cx8, cmov, fxsr, ht, mmx, 3dnowpref, sse, sse2, sse3, ssse3, sse4.1, sse4.2, popcnt, lzcnt, tsc, tscinvbit, avx, avx2, aes, erms, clmul, bmi1, bmi2, adx, fma, vzeroupper, clflush, clflushopt

Memory: 4k page, system-wide physical 16268M (6042M free)
TotalPageFile size 20364M (AvailPageFile size 3M)
current process WorkingSet (physical memory assigned to process): 114M, peak: 114M
current process commit charge ("private bytes"): 375M, peak: 376M

vm_info: Java HotSpot(TM) 64-Bit Server VM (18+36-2087) for windows-amd64 JRE (18+36-2087), built on Feb 15 2022 09:43:11 by "mach5one" with MS VC++ 16.8 / 16.9 (VS2019)

END.
